#
# A fatal error has been detected by the Java Runtime Environment:
#
#  EXCEPTION_ACCESS_VIOLATION (0xc0000005) at pc=0x00007ff9d8af420d, pid=10088, tid=3868
#
# JRE version: OpenJDK Runtime Environment (11.0.10) (build 11.0.10+0-b96-7249189)
# Java VM: OpenJDK 64-Bit Server VM (11.0.10+0-b96-7249189, mixed mode, tiered, compressed oops, g1 gc, windows-amd64)
# Problematic frame:
# V  [jvm.dll+0x2d420d]
#
# No core dump will be written. Minidumps are not enabled by default on client versions of Windows
#
# If you would like to submit a bug report, please visit:
#   https://bugreport.java.com/bugreport/crash.jsp
#

---------------  S U M M A R Y ------------

Command Line: --add-opens=java.base/java.util=ALL-UNNAMED --add-opens=java.base/java.lang=ALL-UNNAMED --add-opens=java.base/java.lang.invoke=ALL-UNNAMED --add-opens=java.base/java.util=ALL-UNNAMED --add-opens=java.prefs/java.util.prefs=ALL-UNNAMED --add-opens=java.prefs/java.util.prefs=ALL-UNNAMED --add-opens=java.base/java.nio.charset=ALL-UNNAMED --add-opens=java.base/java.net=ALL-UNNAMED --add-opens=java.base/java.util.concurrent.atomic=ALL-UNNAMED -Xmx2048m -Dfile.encoding=UTF-8 -Duser.country=RU -Duser.language=ru -Duser.variant org.gradle.launcher.daemon.bootstrap.GradleDaemon 7.0.2

Host: Intel(R) Core(TM) i7-4790 CPU @ 3.60GHz, 8 cores, 14G,  Windows 10 , 64 bit Build 10240 (10.0.10240.18545)
Time: Mon Dec  6 22:00:19 2021 RTZ 6 (ceia) elapsed time: 19.866387 seconds (0d 0h 0m 19s)

---------------  T H R E A D  ---------------

Current thread (0x00000042bb822800):  GCTaskThread "GC Thread#3" [stack: 0x00000042bca40000,0x00000042bcb40000] [id=3868]

Stack: [0x00000042bca40000,0x00000042bcb40000],  sp=0x00000042bcb3f510,  free space=1021k
Native frames: (J=compiled Java code, j=interpreted, Vv=VM code, C=native code)
V  [jvm.dll+0x2d420d]
V  [jvm.dll+0x2d3bcb]
V  [jvm.dll+0x2d19f8]
V  [jvm.dll+0x2fdb98]
V  [jvm.dll+0x2ffefa]
V  [jvm.dll+0x2dd440]
V  [jvm.dll+0x748da0]
V  [jvm.dll+0x6e3d45]
V  [jvm.dll+0x5ebe96]
C  [ucrtbase.dll+0x67cfd]
C  [KERNEL32.DLL+0x11212]
C  [ntdll.dll+0x9f64]


siginfo: EXCEPTION_ACCESS_VIOLATION (0xc0000005), reading address 0x00000000000000f8


Register to memory mapping:

RIP=0x00007ff9d8af420d jvm.dll
RAX=0x000000429e3dd500 points into unknown readable memory: 0x0000000000000000 | 00 00 00 00 00 00 00 00
RBX=0x00000042be53d920 points into unknown readable memory: 0x00007ff9d90430f8 | f8 30 04 d9 f9 7f 00 00
RCX=0x0 is NULL
RDX=0x000000429e49a330 points into unknown readable memory: 0x00007ff9d904aae0 | e0 aa 04 d9 f9 7f 00 00
RSP=0x00000042bcb3f510 points into unknown readable memory: 0x0000000000000019 | 19 00 00 00 00 00 00 00
RBP=0x000000000000000c is an unknown value
RSI=0x0000000087c4ae58 is pointing into object: [Ljava.util.HashMap$Node; 
{0x0000000087c444d0} - klass: 'java/util/HashMap$Node'[]
 - length: 16384
RDI=0x00000042be53da90 points into unknown readable memory: 0x00007ff9d90430b0 | b0 30 04 d9 f9 7f 00 00
R8 =0x0000000087c4ad9c is pointing into object: [Ljava.util.HashMap$Node; 
{0x0000000087c444d0} - klass: 'java/util/HashMap$Node'[]
 - length: 16384
R9 =0x0 is NULL
R10=0x0000000087c4ad9c is pointing into object: [Ljava.util.HashMap$Node; 
{0x0000000087c444d0} - klass: 'java/util/HashMap$Node'[]
 - length: 16384
R11=0x00000042be53da90 points into unknown readable memory: 0x00007ff9d90430b0 | b0 30 04 d9 f9 7f 00 00
R12=0x0 is NULL
R13=0x0 is NULL
R14=0x000000429e3ce360 points into unknown readable memory: 0x00000ed200003252 | 52 32 00 00 d2 0e 00 00
R15=0x0 is NULL


Registers:
RAX=0x000000429e3dd500, RBX=0x00000042be53d920, RCX=0x0000000000000000, RDX=0x000000429e49a330
RSP=0x00000042bcb3f510, RBP=0x000000000000000c, RSI=0x0000000087c4ae58, RDI=0x00000042be53da90
R8 =0x0000000087c4ad9c, R9 =0x0000000000000000, R10=0x0000000087c4ad9c, R11=0x00000042be53da90
R12=0x0000000000000000, R13=0x0000000000000000, R14=0x000000429e3ce360, R15=0x0000000000000000
RIP=0x00007ff9d8af420d, EFLAGS=0x0000000000010246

Top of Stack: (sp=0x00000042bcb3f510)
0x00000042bcb3f510:   0000000000000019 0000000000000019
0x00000042bcb3f520:   0000000000000005 00000042bcb3f5a0
0x00000042bcb3f530:   0000000087c4ad9c 00007ff9d8af3bcb
0x00000042bcb3f540:   0000000000000000 00000042be53d920
0x00000042bcb3f550:   0000000000000000 000000429e3ce360
0x00000042bcb3f560:   000000429e3ce2e0 00007ff9d8af19f8
0x00000042bcb3f570:   0000000000003251 00000042ba26ecd0
0x00000042bcb3f580:   00000042be53d920 000000429e483001
0x00000042bcb3f590:   0000000000001a5e 000000429e3ce360
0x00000042bcb3f5a0:   00000042be53d920 00007ff9d8b1db98
0x00000042bcb3f5b0:   000000429e3ce2e0 0000000000003251
0x00000042bcb3f5c0:   00000042ba26ecd0 00000042bcb3f640
0x00000042bcb3f5d0:   000000429e3cb0e0 0000000000000001
0x00000042bcb3f5e0:   0000000000000624 000000000000067c
0x00000042bcb3f5f0:   0000000000000ef0 00000000000019bc
0x00000042bcb3f600:   000000000066edcf 000000000000078a 

Instructions: (pc=0x00007ff9d8af420d)
0x00007ff9d8af410d:   74 24 38 48 83 c4 20 5f c3 cc cc cc cc cc cc cc
0x00007ff9d8af411d:   cc cc cc 48 89 5c 24 08 57 48 83 ec 20 48 8b 41
0x00007ff9d8af412d:   18 48 8b da 48 83 cb 01 48 8b d3 48 8b 78 10 48
0x00007ff9d8af413d:   8b cf e8 6c 7b 00 00 84 c0 75 29 48 81 c7 90 00
0x00007ff9d8af414d:   00 00 48 8b 47 08 48 39 47 20 75 08 48 8b cf e8
0x00007ff9d8af415d:   7f 47 0b 00 48 8b 4f 20 48 8b 47 38 48 89 1c c8
0x00007ff9d8af416d:   48 ff 47 20 48 8b 5c 24 30 48 83 c4 20 5f c3 cc
0x00007ff9d8af417d:   cc cc cc 48 89 5c 24 08 57 48 83 ec 20 48 8b 79
0x00007ff9d8af418d:   10 48 8b da 48 83 cb 01 48 8b cf 48 8b d3 e8 10
0x00007ff9d8af419d:   7b 00 00 84 c0 75 29 48 81 c7 90 00 00 00 48 8b
0x00007ff9d8af41ad:   47 08 48 39 47 20 75 08 48 8b cf e8 23 47 0b 00
0x00007ff9d8af41bd:   48 8b 4f 20 48 8b 47 38 48 89 1c c8 48 ff 47 20
0x00007ff9d8af41cd:   48 8b 5c 24 30 48 83 c4 20 5f c3 cc cc cc cc cc
0x00007ff9d8af41dd:   cc cc cc 40 53 48 83 ec 20 8b 82 04 01 00 00 48
0x00007ff9d8af41ed:   8b d9 d1 e8 a8 01 75 6b 48 8b 41 08 8b 88 c0 02
0x00007ff9d8af41fd:   00 00 48 8b 80 b0 02 00 00 49 d3 e9 4a 8b 0c c8
0x00007ff9d8af420d:   48 8b 81 f8 00 00 00 83 b8 18 01 00 00 00 74 43
0x00007ff9d8af421d:   48 8b 4b 50 48 89 7c 24 30 49 c1 e8 09 48 8b 79
0x00007ff9d8af422d:   48 48 2b 79 40 49 03 f8 48 8b d7 e8 93 c1 ff ff
0x00007ff9d8af423d:   84 c0 74 1a 80 7b 28 00 48 8d 4b 18 74 10 48 8b
0x00007ff9d8af424d:   43 50 48 8b 50 40 48 03 d7 e8 35 25 36 00 48 8b
0x00007ff9d8af425d:   7c 24 30 48 83 c4 20 5b c3 cc cc cc cc cc cc cc
0x00007ff9d8af426d:   cc cc cc 48 89 5c 24 08 48 89 74 24 10 57 48 83
0x00007ff9d8af427d:   ec 20 48 63 fa 48 8d 05 5f 91 54 00 45 33 c0 48
0x00007ff9d8af428d:   89 01 48 8b f1 89 79 08 48 8b df 48 8d 0c fd 00
0x00007ff9d8af429d:   00 00 00 41 8d 50 05 e8 37 f6 dd ff 45 33 db 48
0x00007ff9d8af42ad:   89 46 10 4c 8d 4e 10 4c 8b d0 45 8b c3 85 ff 7e
0x00007ff9d8af42bd:   56 83 ff 02 72 51 8d 4f ff 48 63 d1 48 8d 04 d0
0x00007ff9d8af42cd:   4d 3b d1 77 05 49 3b c1 73 3d 8b c7 25 01 00 00
0x00007ff9d8af42dd:   80 7d 07 ff c8 83 c8 fe ff c0 2b f8 0f 1f 80 00
0x00007ff9d8af42ed:   00 00 00 41 83 c0 02 44 3b c7 7c f7 8d 47 01 49
0x00007ff9d8af42fd:   8b fa 99 2b c2 d1 f8 48 63 c8 48 c1 e1 04 48 c1 


Stack slot to memory mapping:
stack at sp + 0 slots: 0x0000000000000019 is an unknown value
stack at sp + 1 slots: 0x0000000000000019 is an unknown value
stack at sp + 2 slots: 0x0000000000000005 is an unknown value
stack at sp + 3 slots: 0x00000042bcb3f5a0 points into unknown readable memory: 0x00000042be53d920 | 20 d9 53 be 42 00 00 00
stack at sp + 4 slots: 0x0000000087c4ad9c is pointing into object: [Ljava.util.HashMap$Node; 
{0x0000000087c444d0} - klass: 'java/util/HashMap$Node'[]
 - length: 16384
stack at sp + 5 slots: 0x00007ff9d8af3bcb jvm.dll
stack at sp + 6 slots: 0x0 is NULL
stack at sp + 7 slots: 0x00000042be53d920 points into unknown readable memory: 0x00007ff9d90430f8 | f8 30 04 d9 f9 7f 00 00


---------------  P R O C E S S  ---------------

Threads class SMR info:
_java_thread_list=0x00000042c8ca48d0, length=79, elements={
0x000000429e3b6000, 0x00000042b936e800, 0x00000042b9d9c800, 0x00000042b9dad000,
0x00000042b9dae000, 0x00000042b9daf000, 0x00000042b9db2800, 0x00000042b9e04800,
0x00000042b9e05800, 0x00000042b9fab000, 0x00000042bc4e5800, 0x00000042bd9e2800,
0x00000042bd4df000, 0x00000042bd47b000, 0x00000042bd448800, 0x00000042bd2ac800,
0x00000042bd69b800, 0x00000042bd3b2000, 0x00000042bd6a2800, 0x00000042bbd52000,
0x00000042bbd51000, 0x00000042bbd53000, 0x00000042bbd55800, 0x00000042bbd53800,
0x00000042bbd54800, 0x00000042bbd57000, 0x00000042bd452000, 0x00000042bd453000,
0x00000042bd453800, 0x00000042bd457000, 0x00000042bd457800, 0x00000042bbd50800,
0x00000042be725800, 0x00000042be726800, 0x00000042be728000, 0x00000042be722800,
0x00000042be729000, 0x00000042be723000, 0x00000042be72b800, 0x00000042be72a800,
0x00000042be72d800, 0x00000042be72e800, 0x00000042be72d000, 0x00000042be72f800,
0x00000042be729800, 0x00000042be730000, 0x00000042be72c000, 0x00000042be731000,
0x00000042c1562800, 0x00000042c155d800, 0x00000042c1563000, 0x00000042c155f000,
0x00000042c1561800, 0x00000042c1560000, 0x00000042bd451000, 0x00000042bd454800,
0x00000042c76a1800, 0x00000042c76a0800, 0x00000042c76a2800, 0x00000042c769f000,
0x00000042c76a4000, 0x00000042c76a6800, 0x00000042c76a9800, 0x00000042c76aa800,
0x00000042c76ac000, 0x00000042c76ad000, 0x00000042c76a7000, 0x00000042c76a9000,
0x00000042c76a4800, 0x00000042c76a3000, 0x00000042c76ab800, 0x00000042c76ad800,
0x00000042c1560800, 0x00000042c155c800, 0x00000042c7f64800, 0x00000042c7f65000,
0x00000042c7f66000, 0x00000042c7f67000, 0x00000042c7f67800
}

Java Threads: ( => current thread )
  0x000000429e3b6000 JavaThread "main" [_thread_blocked, id=8400, stack(0x000000429e2a0000,0x000000429e3a0000)]
  0x00000042b936e800 JavaThread "Reference Handler" daemon [_thread_blocked, id=7972, stack(0x00000042ba270000,0x00000042ba370000)]
  0x00000042b9d9c800 JavaThread "Finalizer" daemon [_thread_blocked, id=1328, stack(0x00000042ba370000,0x00000042ba470000)]
  0x00000042b9dad000 JavaThread "Signal Dispatcher" daemon [_thread_blocked, id=12360, stack(0x00000042ba570000,0x00000042ba670000)]
  0x00000042b9dae000 JavaThread "Attach Listener" daemon [_thread_blocked, id=10476, stack(0x00000042ba670000,0x00000042ba770000)]
  0x00000042b9daf000 JavaThread "Service Thread" daemon [_thread_blocked, id=3880, stack(0x00000042ba770000,0x00000042ba870000)]
  0x00000042b9db2800 JavaThread "C2 CompilerThread0" daemon [_thread_blocked, id=13600, stack(0x00000042ba870000,0x00000042ba970000)]
  0x00000042b9e04800 JavaThread "C1 CompilerThread0" daemon [_thread_blocked, id=10264, stack(0x00000042ba970000,0x00000042baa70000)]
  0x00000042b9e05800 JavaThread "Sweeper thread" daemon [_thread_blocked, id=9540, stack(0x00000042baa70000,0x00000042bab70000)]
  0x00000042b9fab000 JavaThread "Common-Cleaner" daemon [_thread_blocked, id=11704, stack(0x00000042bab70000,0x00000042bac70000)]
  0x00000042bc4e5800 JavaThread "Daemon health stats" [_thread_blocked, id=11512, stack(0x00000042beee0000,0x00000042befe0000)]
  0x00000042bd9e2800 JavaThread "Incoming local TCP Connector on port 57386" [_thread_in_native, id=5004, stack(0x00000042bf3b0000,0x00000042bf4b0000)]
  0x00000042bd4df000 JavaThread "Daemon periodic checks" [_thread_blocked, id=12736, stack(0x00000042bf840000,0x00000042bf940000)]
  0x00000042bd47b000 JavaThread "Daemon" [_thread_blocked, id=13404, stack(0x00000042bfb40000,0x00000042bfc40000)]
  0x00000042bd448800 JavaThread "Handler for socket connection from /127.0.0.1:57386 to /127.0.0.1:57387" [_thread_in_native, id=5680, stack(0x00000042bfc40000,0x00000042bfd40000)]
  0x00000042bd2ac800 JavaThread "Cancel handler" [_thread_blocked, id=8772, stack(0x00000042bfe40000,0x00000042bff40000)]
  0x00000042bd69b800 JavaThread "Daemon worker" [_thread_blocked, id=4260, stack(0x00000042bff40000,0x00000042c0040000)]
  0x00000042bd3b2000 JavaThread "Asynchronous log dispatcher for DefaultDaemonConnection: socket connection from /127.0.0.1:57386 to /127.0.0.1:57387" [_thread_blocked, id=9588, stack(0x00000042c0040000,0x00000042c0140000)]
  0x00000042bd6a2800 JavaThread "Stdin handler" [_thread_blocked, id=7020, stack(0x00000042c0140000,0x00000042c0240000)]
  0x00000042bbd52000 JavaThread "Daemon client event forwarder" [_thread_blocked, id=10216, stack(0x00000042c0240000,0x00000042c0340000)]
  0x00000042bbd51000 JavaThread "Cache worker for file hash cache (Z:\Users\Z\.gradle\wrapper\dists\gradle-6.1.1\caches\7.0.2\fileHashes)" [_thread_blocked, id=7372, stack(0x00000042bb570000,0x00000042bb670000)]
  0x00000042bbd53000 JavaThread "File lock request listener" [_thread_in_native, id=8276, stack(0x00000042bcc40000,0x00000042bcd40000)]
  0x00000042bbd55800 JavaThread "Cache worker for journal cache (Z:\Users\Z\.gradle\wrapper\dists\gradle-6.1.1\caches\journal-1)" [_thread_blocked, id=10164, stack(0x00000042c0b40000,0x00000042c0c40000)]
  0x00000042bbd53800 JavaThread "Cache worker for file hash cache (W:\ANdroidStudio\Kingdom\.gradle\7.0.2\fileHashes)" [_thread_blocked, id=5936, stack(0x00000042c0f40000,0x00000042c1040000)]
  0x00000042bbd54800 JavaThread "File watcher server" daemon [_thread_blocked, id=10596, stack(0x00000042c1040000,0x00000042c1140000)]
  0x00000042bbd57000 JavaThread "File watcher consumer" daemon [_thread_blocked, id=11872, stack(0x00000042c1140000,0x00000042c1240000)]
  0x00000042bd452000 JavaThread "Cache worker for checksums cache (W:\ANdroidStudio\Kingdom\.gradle\checksums)" [_thread_blocked, id=5032, stack(0x00000042c2410000,0x00000042c2510000)]
  0x00000042bd453000 JavaThread "Cache worker for cache directory md-supplier (Z:\Users\Z\.gradle\wrapper\dists\gradle-6.1.1\caches\7.0.2\md-supplier)" [_thread_blocked, id=4632, stack(0x00000042c2510000,0x00000042c2610000)]
  0x00000042bd453800 JavaThread "Cache worker for cache directory md-rule (Z:\Users\Z\.gradle\wrapper\dists\gradle-6.1.1\caches\7.0.2\md-rule)" [_thread_blocked, id=7000, stack(0x00000042c2610000,0x00000042c2710000)]
  0x00000042bd457000 JavaThread "Cache worker for execution history cache (Z:\Users\Z\.gradle\wrapper\dists\gradle-6.1.1\caches\7.0.2\executionHistory)" [_thread_blocked, id=8504, stack(0x00000042c2910000,0x00000042c2a10000)]
  0x00000042bd457800 JavaThread "jar transforms" [_thread_blocked, id=9752, stack(0x00000042c3fe0000,0x00000042c40e0000)]
  0x00000042bbd50800 JavaThread "jar transforms Thread 2" [_thread_blocked, id=12080, stack(0x00000042c4640000,0x00000042c4740000)]
  0x00000042be725800 JavaThread "Cache worker for file content cache (Z:\Users\Z\.gradle\wrapper\dists\gradle-6.1.1\caches\7.0.2\fileContent)" [_thread_blocked, id=10816, stack(0x00000042c4470000,0x00000042c4570000)]
  0x00000042be726800 JavaThread "Cache worker for dependencies-accessors (W:\ANdroidStudio\Kingdom\.gradle\7.0.2\dependencies-accessors)" [_thread_blocked, id=9344, stack(0x00000042c4940000,0x00000042c4a40000)]
  0x00000042be728000 JavaThread "jar transforms Thread 3" [_thread_blocked, id=12444, stack(0x00000042c4c40000,0x00000042c4d40000)]
  0x00000042be722800 JavaThread "Cache worker for Build Output Cleanup Cache (W:\ANdroidStudio\Kingdom\.gradle\buildOutputCleanup)" [_thread_blocked, id=5928, stack(0x00000042c4d40000,0x00000042c4e40000)]
  0x00000042be729000 JavaThread "Build operations" [_thread_blocked, id=10956, stack(0x00000042c4e40000,0x00000042c4f40000)]
  0x00000042be723000 JavaThread "Build operations Thread 2" [_thread_blocked, id=9956, stack(0x00000042c53f0000,0x00000042c54f0000)]
  0x00000042be72b800 JavaThread "Build operations Thread 3" [_thread_blocked, id=11516, stack(0x00000042c54f0000,0x00000042c55f0000)]
  0x00000042be72a800 JavaThread "Build operations Thread 4" [_thread_blocked, id=2296, stack(0x00000042c55f0000,0x00000042c56f0000)]
  0x00000042be72d800 JavaThread "Build operations Thread 5" [_thread_blocked, id=3752, stack(0x00000042c56f0000,0x00000042c57f0000)]
  0x00000042be72e800 JavaThread "Build operations Thread 6" [_thread_blocked, id=5376, stack(0x00000042c57f0000,0x00000042c58f0000)]
  0x00000042be72d000 JavaThread "Build operations Thread 7" [_thread_blocked, id=10660, stack(0x00000042c58f0000,0x00000042c59f0000)]
  0x00000042be72f800 JavaThread "Build operations Thread 8" [_thread_blocked, id=844, stack(0x00000042c59f0000,0x00000042c5af0000)]
  0x00000042be729800 JavaThread "jar transforms Thread 4" [_thread_blocked, id=10224, stack(0x00000042c5af0000,0x00000042c5bf0000)]
  0x00000042be730000 JavaThread "jar transforms Thread 5" [_thread_blocked, id=13888, stack(0x00000042c5bf0000,0x00000042c5cf0000)]
  0x00000042be72c000 JavaThread "jar transforms Thread 6" [_thread_blocked, id=12208, stack(0x00000042c5cf0000,0x00000042c5df0000)]
  0x00000042be731000 JavaThread "jar transforms Thread 7" [_thread_blocked, id=13620, stack(0x00000042c5df0000,0x00000042c5ef0000)]
  0x00000042c1562800 JavaThread "jar transforms Thread 8" [_thread_blocked, id=6284, stack(0x00000042c5ef0000,0x00000042c5ff0000)]
  0x00000042c155d800 JavaThread "Memory manager" [_thread_blocked, id=10032, stack(0x00000042c42e0000,0x00000042c43e0000)]
  0x00000042c1563000 JavaThread "build event listener" [_thread_blocked, id=3356, stack(0x00000042c6ef0000,0x00000042c6ff0000)]
  0x00000042c155f000 JavaThread "Execution worker for ':'" [_thread_blocked, id=4552, stack(0x00000042c7250000,0x00000042c7350000)]
  0x00000042c1561800 JavaThread "Execution worker for ':' Thread 2" [_thread_blocked, id=9048, stack(0x00000042c8520000,0x00000042c8620000)]
  0x00000042c1560000 JavaThread "Execution worker for ':' Thread 3" [_thread_blocked, id=7576, stack(0x00000042c8860000,0x00000042c8960000)]
  0x00000042bd451000 JavaThread "Execution worker for ':' Thread 4" [_thread_blocked, id=12588, stack(0x00000042c9ba0000,0x00000042c9ca0000)]
  0x00000042bd454800 JavaThread "Execution worker for ':' Thread 5" [_thread_blocked, id=13128, stack(0x00000042ca340000,0x00000042ca440000)]
  0x00000042c76a1800 JavaThread "Execution worker for ':' Thread 6" [_thread_blocked, id=9780, stack(0x00000042ca440000,0x00000042ca540000)]
  0x00000042c76a0800 JavaThread "Execution worker for ':' Thread 7" [_thread_blocked, id=10628, stack(0x00000042ca540000,0x00000042ca640000)]
  0x00000042c76a2800 JavaThread "Cache worker for execution history cache (W:\ANdroidStudio\Kingdom\.gradle\7.0.2\executionHistory)" [_thread_blocked, id=7728, stack(0x00000042ca640000,0x00000042ca740000)]
  0x00000042c769f000 JavaThread "WorkerExecutor Queue" [_thread_blocked, id=7980, stack(0x00000042c6df0000,0x00000042c6ef0000)]
  0x00000042c76a4000 JavaThread "WorkerExecutor Queue Thread 2" [_thread_blocked, id=1968, stack(0x00000042cafb0000,0x00000042cb0b0000)]
  0x00000042c76a6800 JavaThread "WorkerExecutor Queue Thread 4" [_thread_blocked, id=7908, stack(0x00000042cb230000,0x00000042cb330000)]
  0x00000042c76a9800 JavaThread "WorkerExecutor Queue Thread 5" [_thread_blocked, id=4728, stack(0x00000042cb330000,0x00000042cb430000)]
  0x00000042c76aa800 JavaThread "WorkerExecutor Queue Thread 7" [_thread_blocked, id=3684, stack(0x00000042cb530000,0x00000042cb630000)]
  0x00000042c76ac000 JavaThread "WorkerExecutor Queue Thread 8" [_thread_blocked, id=7844, stack(0x00000042cb630000,0x00000042cb730000)]
  0x00000042c76ad000 JavaThread "WorkerExecutor Queue Thread 9" [_thread_blocked, id=10040, stack(0x00000042cb730000,0x00000042cb830000)]
  0x00000042c76a7000 JavaThread "C2 CompilerThread1" daemon [_thread_blocked, id=8048, stack(0x00000042c0e40000,0x00000042c0f40000)]
  0x00000042c76a9000 JavaThread "pool-3-thread-1" [_thread_blocked, id=3656, stack(0x00000042ca160000,0x00000042ca260000)]
  0x00000042c76a4800 JavaThread "stderr" [_thread_in_native, id=10220, stack(0x00000042caeb0000,0x00000042cafb0000)]
  0x00000042c76a3000 JavaThread "stdout" [_thread_in_native, id=10260, stack(0x00000042cb0b0000,0x00000042cb1b0000)]
  0x00000042c76ab800 JavaThread "C2 CompilerThread2" daemon [_thread_blocked, id=10852, stack(0x00000042cbc30000,0x00000042cbd30000)]
  0x00000042c76ad800 JavaThread "ForkJoinPool-1-worker-3" daemon [_thread_blocked, id=9832, stack(0x00000042cc250000,0x00000042cc350000)]
  0x00000042c1560800 JavaThread "ForkJoinPool-1-worker-5" daemon [_thread_blocked, id=12544, stack(0x00000042cc350000,0x00000042cc450000)]
  0x00000042c155c800 JavaThread "ForkJoinPool-1-worker-7" daemon [_thread_blocked, id=3172, stack(0x00000042cc450000,0x00000042cc550000)]
  0x00000042c7f64800 JavaThread "ForkJoinPool-1-worker-9" daemon [_thread_blocked, id=8960, stack(0x00000042cc550000,0x00000042cc650000)]
  0x00000042c7f65000 JavaThread "ForkJoinPool-1-worker-11" daemon [_thread_blocked, id=10460, stack(0x00000042cc650000,0x00000042cc750000)]
  0x00000042c7f66000 JavaThread "ForkJoinPool-1-worker-13" daemon [_thread_blocked, id=3092, stack(0x00000042cc750000,0x00000042cc850000)]
  0x00000042c7f67000 JavaThread "ForkJoinPool-1-worker-15" daemon [_thread_blocked, id=5476, stack(0x00000042cc850000,0x00000042cc950000)]
  0x00000042c7f67800 JavaThread "ForkJoinPool-1-worker-1" daemon [_thread_blocked, id=13624, stack(0x00000042cc950000,0x00000042cca50000)]

Other Threads:
  0x00000042b936b000 VMThread "VM Thread" [stack: 0x00000042ba170000,0x00000042ba270000] [id=13592]
  0x00000042b9fc4000 WatcherThread [stack: 0x00000042bac70000,0x00000042bad70000] [id=5920]
  0x000000429e3cd000 GCTaskThread "GC Thread#0" [stack: 0x00000042b10c0000,0x00000042b11c0000] [id=9516]
  0x00000042bb7bc000 GCTaskThread "GC Thread#1" [stack: 0x00000042bc840000,0x00000042bc940000] [id=9988]
  0x00000042bb7be800 GCTaskThread "GC Thread#2" [stack: 0x00000042bc940000,0x00000042bca40000] [id=10028]
=>0x00000042bb822800 GCTaskThread "GC Thread#3" [stack: 0x00000042bca40000,0x00000042bcb40000] [id=3868]
  0x00000042bbd8f800 GCTaskThread "GC Thread#4" [stack: 0x00000042bcb40000,0x00000042bcc40000] [id=5628]
  0x00000042bd729000 GCTaskThread "GC Thread#5" [stack: 0x00000042c0540000,0x00000042c0640000] [id=13460]
  0x00000042bdafd800 GCTaskThread "GC Thread#6" [stack: 0x00000042c0640000,0x00000042c0740000] [id=2928]
  0x00000042bdc95800 GCTaskThread "GC Thread#7" [stack: 0x00000042c0740000,0x00000042c0840000] [id=4660]
  0x000000429e3fe000 ConcurrentGCThread "G1 Main Marker" [stack: 0x00000042b66f0000,0x00000042b67f0000] [id=9888]
  0x000000429e3ff000 ConcurrentGCThread "G1 Conc#0" [stack: 0x00000042b67f0000,0x00000042b68f0000] [id=13976]
  0x00000042bb566800 ConcurrentGCThread "G1 Conc#1" [stack: 0x00000042c0a40000,0x00000042c0b40000] [id=2992]
  0x000000429e49e800 ConcurrentGCThread "G1 Refine#0" [stack: 0x00000042b9370000,0x00000042b9470000] [id=10456]
  0x00000042c8a52800 ConcurrentGCThread "G1 Refine#1" [stack: 0x00000042cbd30000,0x00000042cbe30000] [id=8024]
  0x00000042c37e3800 ConcurrentGCThread "G1 Refine#2" [stack: 0x00000042cbe30000,0x00000042cbf30000] [id=8800]
  0x00000042c836c000 ConcurrentGCThread "G1 Refine#3" [stack: 0x00000042cbf30000,0x00000042cc030000] [id=10876]
  0x00000042c2ffa800 ConcurrentGCThread "G1 Refine#4" [stack: 0x00000042cc030000,0x00000042cc130000] [id=7368]
  0x00000042baf0d000 ConcurrentGCThread "G1 Refine#5" [stack: 0x00000042cc130000,0x00000042cc230000] [id=7140]
  0x00000042c84ff800 ConcurrentGCThread "G1 Refine#6" [stack: 0x00000042ccc50000,0x00000042ccd50000] [id=14224]
  0x00000042c7f02800 ConcurrentGCThread "G1 Refine#7" [stack: 0x00000042ccd50000,0x00000042cce50000] [id=11584]
  0x00000042b91e0800 ConcurrentGCThread "G1 Young RemSet Sampling" [stack: 0x00000042b9470000,0x00000042b9570000] [id=4300]

Threads with active compile tasks:
C2 CompilerThread0  19933 12404       4       com.android.tools.r8.internal.e9::a (120 bytes)
C2 CompilerThread1  19933 12200       4       com.android.tools.r8.graph.Z$$Lambda$1406/0x0000000100cfb040::accept (12 bytes)
C2 CompilerThread2  19933 12113       4       com.android.tools.r8.graph.u::a (15 bytes)

VM state:at safepoint (normal execution)

VM Mutex/Monitor currently owned by a thread:  ([mutex/lock_event])
[0x000000429e3b3c00] Threads_lock - owner thread: 0x00000042b936b000
[0x000000429e3b4620] Heap_lock - owner thread: 0x00000042c155c800

Heap address: 0x0000000080000000, size: 2048 MB, Compressed Oops mode: 32-bit
Narrow klass base: 0x0000000000000000, Narrow klass shift: 3
Compressed class space size: 1073741824 Address: 0x0000000100000000

Heap:
 garbage-first heap   total 259072K, used 187887K [0x0000000080000000, 0x0000000100000000)
  region size 1024K, 47 young (48128K), 6 survivors (6144K)
 Metaspace       used 94755K, capacity 97206K, committed 97868K, reserved 1134592K
  class space    used 12461K, capacity 13381K, committed 13644K, reserved 1048576K
Heap Regions: E=young(eden), S=young(survivor), O=old, HS=humongous(starts), HC=humongous(continues), CS=collection set, F=free, A=archive, TAMS=top-at-mark-start (previous, next)
|   0|0x0000000080000000, 0x0000000080100000, 0x0000000080100000|100%| O|  |TAMS 0x0000000080100000, 0x0000000080000000| Updating 
|   1|0x0000000080100000, 0x0000000080200000, 0x0000000080200000|100%| O|  |TAMS 0x0000000080200000, 0x0000000080100000| Updating 
|   2|0x0000000080200000, 0x0000000080300000, 0x0000000080300000|100%| O|  |TAMS 0x0000000080300000, 0x0000000080200000| Updating 
|   3|0x0000000080300000, 0x0000000080400000, 0x0000000080400000|100%|HS|  |TAMS 0x0000000080400000, 0x0000000080300000| Complete 
|   4|0x0000000080400000, 0x0000000080500000, 0x0000000080500000|100%|HC|  |TAMS 0x0000000080500000, 0x0000000080400000| Complete 
|   5|0x0000000080500000, 0x0000000080600000, 0x0000000080600000|100%|HC|  |TAMS 0x0000000080600000, 0x0000000080500000| Complete 
|   6|0x0000000080600000, 0x0000000080700000, 0x0000000080700000|100%| O|  |TAMS 0x0000000080700000, 0x0000000080600000| Updating 
|   7|0x0000000080700000, 0x0000000080800000, 0x0000000080800000|100%| O|  |TAMS 0x0000000080800000, 0x0000000080700000| Updating 
|   8|0x0000000080800000, 0x0000000080900000, 0x0000000080900000|100%| O|  |TAMS 0x0000000080900000, 0x0000000080800000| Updating 
|   9|0x0000000080900000, 0x0000000080a00000, 0x0000000080a00000|100%| O|  |TAMS 0x0000000080a00000, 0x0000000080900000| Updating 
|  10|0x0000000080a00000, 0x0000000080b00000, 0x0000000080b00000|100%| O|  |TAMS 0x0000000080b00000, 0x0000000080a00000| Updating 
|  11|0x0000000080b00000, 0x0000000080c00000, 0x0000000080c00000|100%| O|  |TAMS 0x0000000080c00000, 0x0000000080b00000| Updating 
|  12|0x0000000080c00000, 0x0000000080d00000, 0x0000000080d00000|100%| O|  |TAMS 0x0000000080d00000, 0x0000000080c00000| Updating 
|  13|0x0000000080d00000, 0x0000000080e00000, 0x0000000080e00000|100%| O|  |TAMS 0x0000000080e00000, 0x0000000080d00000| Updating 
|  14|0x0000000080e00000, 0x0000000080f00000, 0x0000000080f00000|100%| O|  |TAMS 0x0000000080f00000, 0x0000000080e00000| Updating 
|  15|0x0000000080f00000, 0x0000000081000000, 0x0000000081000000|100%| O|  |TAMS 0x0000000081000000, 0x0000000080f00000| Updating 
|  16|0x0000000081000000, 0x0000000081100000, 0x0000000081100000|100%|HS|  |TAMS 0x0000000081100000, 0x0000000081000000| Complete 
|  17|0x0000000081100000, 0x0000000081200000, 0x0000000081200000|100%|HS|  |TAMS 0x0000000081200000, 0x0000000081100000| Complete 
|  18|0x0000000081200000, 0x0000000081300000, 0x0000000081300000|100%|HS|  |TAMS 0x0000000081300000, 0x0000000081200000| Complete 
|  19|0x0000000081300000, 0x0000000081400000, 0x0000000081400000|100%|HC|  |TAMS 0x0000000081400000, 0x0000000081300000| Complete 
|  20|0x0000000081400000, 0x0000000081500000, 0x0000000081500000|100%| O|  |TAMS 0x0000000081500000, 0x0000000081400000| Updating 
|  21|0x0000000081500000, 0x0000000081600000, 0x0000000081600000|100%| O|  |TAMS 0x0000000081600000, 0x0000000081500000| Updating 
|  22|0x0000000081600000, 0x0000000081700000, 0x0000000081700000|100%| O|  |TAMS 0x0000000081700000, 0x0000000081600000| Updating 
|  23|0x0000000081700000, 0x0000000081800000, 0x0000000081800000|100%| O|  |TAMS 0x0000000081800000, 0x0000000081700000| Updating 
|  24|0x0000000081800000, 0x0000000081900000, 0x0000000081900000|100%| O|  |TAMS 0x0000000081900000, 0x0000000081800000| Updating 
|  25|0x0000000081900000, 0x0000000081a00000, 0x0000000081a00000|100%| O|  |TAMS 0x0000000081a00000, 0x0000000081900000| Updating 
|  26|0x0000000081a00000, 0x0000000081b00000, 0x0000000081b00000|100%| O|  |TAMS 0x0000000081b00000, 0x0000000081a00000| Updating 
|  27|0x0000000081b00000, 0x0000000081c00000, 0x0000000081c00000|100%| O|  |TAMS 0x0000000081c00000, 0x0000000081b00000| Updating 
|  28|0x0000000081c00000, 0x0000000081d00000, 0x0000000081d00000|100%| O|  |TAMS 0x0000000081d00000, 0x0000000081c00000| Updating 
|  29|0x0000000081d00000, 0x0000000081e00000, 0x0000000081e00000|100%| O|  |TAMS 0x0000000081e00000, 0x0000000081d00000| Updating 
|  30|0x0000000081e00000, 0x0000000081f00000, 0x0000000081f00000|100%| O|  |TAMS 0x0000000081f00000, 0x0000000081e00000| Updating 
|  31|0x0000000081f00000, 0x0000000082000000, 0x0000000082000000|100%| O|  |TAMS 0x0000000082000000, 0x0000000081f00000| Updating 
|  32|0x0000000082000000, 0x0000000082100000, 0x0000000082100000|100%| O|  |TAMS 0x0000000082100000, 0x0000000082000000| Updating 
|  33|0x0000000082100000, 0x0000000082200000, 0x0000000082200000|100%| O|  |TAMS 0x0000000082200000, 0x0000000082100000| Updating 
|  34|0x0000000082200000, 0x0000000082300000, 0x0000000082300000|100%| O|  |TAMS 0x0000000082300000, 0x0000000082200000| Updating 
|  35|0x0000000082300000, 0x0000000082400000, 0x0000000082400000|100%| O|  |TAMS 0x0000000082400000, 0x0000000082300000| Updating 
|  36|0x0000000082400000, 0x0000000082500000, 0x0000000082500000|100%| O|  |TAMS 0x0000000082500000, 0x0000000082400000| Updating 
|  37|0x0000000082500000, 0x0000000082600000, 0x0000000082600000|100%| O|  |TAMS 0x0000000082600000, 0x0000000082500000| Updating 
|  38|0x0000000082600000, 0x0000000082700000, 0x0000000082700000|100%| O|  |TAMS 0x0000000082700000, 0x0000000082600000| Updating 
|  39|0x0000000082700000, 0x0000000082800000, 0x0000000082800000|100%| O|  |TAMS 0x0000000082800000, 0x0000000082700000| Updating 
|  40|0x0000000082800000, 0x0000000082900000, 0x0000000082900000|100%| O|  |TAMS 0x0000000082900000, 0x0000000082800000| Updating 
|  41|0x0000000082900000, 0x0000000082a00000, 0x0000000082a00000|100%| O|  |TAMS 0x0000000082a00000, 0x0000000082900000| Updating 
|  42|0x0000000082a00000, 0x0000000082b00000, 0x0000000082b00000|100%| O|  |TAMS 0x0000000082b00000, 0x0000000082a00000| Updating 
|  43|0x0000000082b00000, 0x0000000082c00000, 0x0000000082c00000|100%| O|  |TAMS 0x0000000082c00000, 0x0000000082b00000| Updating 
|  44|0x0000000082c00000, 0x0000000082d00000, 0x0000000082d00000|100%| O|  |TAMS 0x0000000082d00000, 0x0000000082c00000| Updating 
|  45|0x0000000082d00000, 0x0000000082e00000, 0x0000000082e00000|100%| O|  |TAMS 0x0000000082e00000, 0x0000000082d00000| Updating 
|  46|0x0000000082e00000, 0x0000000082f00000, 0x0000000082f00000|100%| O|  |TAMS 0x0000000082f00000, 0x0000000082e00000| Updating 
|  47|0x0000000082f00000, 0x0000000083000000, 0x0000000083000000|100%| O|  |TAMS 0x0000000083000000, 0x0000000082f00000| Updating 
|  48|0x0000000083000000, 0x0000000083100000, 0x0000000083100000|100%| O|  |TAMS 0x0000000083100000, 0x0000000083000000| Updating 
|  49|0x0000000083100000, 0x0000000083200000, 0x0000000083200000|100%| O|  |TAMS 0x0000000083200000, 0x0000000083100000| Updating 
|  50|0x0000000083200000, 0x0000000083300000, 0x0000000083300000|100%| O|  |TAMS 0x0000000083300000, 0x0000000083200000| Updating 
|  51|0x0000000083300000, 0x0000000083400000, 0x0000000083400000|100%| O|  |TAMS 0x0000000083400000, 0x0000000083300000| Updating 
|  52|0x0000000083400000, 0x0000000083500000, 0x0000000083500000|100%|HS|  |TAMS 0x0000000083500000, 0x0000000083400000| Complete 
|  53|0x0000000083500000, 0x0000000083600000, 0x0000000083600000|100%|HC|  |TAMS 0x0000000083600000, 0x0000000083500000| Complete 
|  54|0x0000000083600000, 0x0000000083700000, 0x0000000083700000|100%|HS|  |TAMS 0x0000000083700000, 0x0000000083600000| Complete 
|  55|0x0000000083700000, 0x0000000083800000, 0x0000000083800000|100%|HS|  |TAMS 0x0000000083800000, 0x0000000083700000| Complete 
|  56|0x0000000083800000, 0x0000000083900000, 0x0000000083900000|100%|HS|  |TAMS 0x0000000083900000, 0x0000000083800000| Complete 
|  57|0x0000000083900000, 0x0000000083a00000, 0x0000000083a00000|100%| O|  |TAMS 0x0000000083a00000, 0x0000000083900000| Updating 
|  58|0x0000000083a00000, 0x0000000083b00000, 0x0000000083b00000|100%| O|  |TAMS 0x0000000083b00000, 0x0000000083a00000| Updating 
|  59|0x0000000083b00000, 0x0000000083c00000, 0x0000000083c00000|100%|HS|  |TAMS 0x0000000083c00000, 0x0000000083b00000| Complete 
|  60|0x0000000083c00000, 0x0000000083d00000, 0x0000000083d00000|100%| O|  |TAMS 0x0000000083d00000, 0x0000000083c00000| Updating 
|  61|0x0000000083d00000, 0x0000000083e00000, 0x0000000083e00000|100%| O|  |TAMS 0x0000000083e00000, 0x0000000083d00000| Updating 
|  62|0x0000000083e00000, 0x0000000083f00000, 0x0000000083f00000|100%| O|  |TAMS 0x0000000083f00000, 0x0000000083e00000| Updating 
|  63|0x0000000083f00000, 0x0000000084000000, 0x0000000084000000|100%| O|  |TAMS 0x0000000084000000, 0x0000000083f00000| Updating 
|  64|0x0000000084000000, 0x0000000084100000, 0x0000000084100000|100%| O|  |TAMS 0x0000000084100000, 0x0000000084000000| Updating 
|  65|0x0000000084100000, 0x0000000084200000, 0x0000000084200000|100%| O|  |TAMS 0x0000000084200000, 0x0000000084100000| Updating 
|  66|0x0000000084200000, 0x0000000084300000, 0x0000000084300000|100%| O|  |TAMS 0x0000000084300000, 0x0000000084200000| Updating 
|  67|0x0000000084300000, 0x0000000084400000, 0x0000000084400000|100%| O|  |TAMS 0x0000000084400000, 0x0000000084300000| Updating 
|  68|0x0000000084400000, 0x0000000084500000, 0x0000000084500000|100%| O|  |TAMS 0x0000000084500000, 0x0000000084400000| Updating 
|  69|0x0000000084500000, 0x0000000084600000, 0x0000000084600000|100%| O|  |TAMS 0x0000000084600000, 0x0000000084500000| Updating 
|  70|0x0000000084600000, 0x0000000084700000, 0x0000000084700000|100%| O|  |TAMS 0x0000000084700000, 0x0000000084600000| Updating 
|  71|0x0000000084700000, 0x0000000084800000, 0x0000000084800000|100%| O|  |TAMS 0x0000000084800000, 0x0000000084700000| Updating 
|  72|0x0000000084800000, 0x0000000084900000, 0x0000000084900000|100%| O|  |TAMS 0x0000000084900000, 0x0000000084800000| Updating 
|  73|0x0000000084900000, 0x0000000084a00000, 0x0000000084a00000|100%| O|  |TAMS 0x0000000084a00000, 0x0000000084900000| Updating 
|  74|0x0000000084a00000, 0x0000000084b00000, 0x0000000084b00000|100%| O|  |TAMS 0x0000000084b00000, 0x0000000084a00000| Updating 
|  75|0x0000000084b00000, 0x0000000084c00000, 0x0000000084c00000|100%| O|  |TAMS 0x0000000084c00000, 0x0000000084b00000| Updating 
|  76|0x0000000084c00000, 0x0000000084d00000, 0x0000000084d00000|100%| O|  |TAMS 0x0000000084d00000, 0x0000000084c00000| Updating 
|  77|0x0000000084d00000, 0x0000000084e00000, 0x0000000084e00000|100%| O|  |TAMS 0x0000000084e00000, 0x0000000084d00000| Updating 
|  78|0x0000000084e00000, 0x0000000084f00000, 0x0000000084f00000|100%| O|  |TAMS 0x0000000084f00000, 0x0000000084e00000| Updating 
|  79|0x0000000084f00000, 0x0000000085000000, 0x0000000085000000|100%| O|  |TAMS 0x0000000085000000, 0x0000000084f00000| Updating 
|  80|0x0000000085000000, 0x0000000085100000, 0x0000000085100000|100%| O|  |TAMS 0x0000000085100000, 0x0000000085000000| Updating 
|  81|0x0000000085100000, 0x0000000085200000, 0x0000000085200000|100%| O|  |TAMS 0x0000000085200000, 0x0000000085100000| Updating 
|  82|0x0000000085200000, 0x0000000085300000, 0x0000000085300000|100%| O|  |TAMS 0x0000000085300000, 0x0000000085200000| Updating 
|  83|0x0000000085300000, 0x0000000085400000, 0x0000000085400000|100%| O|  |TAMS 0x0000000085400000, 0x0000000085300000| Updating 
|  84|0x0000000085400000, 0x0000000085500000, 0x0000000085500000|100%| O|  |TAMS 0x0000000085500000, 0x0000000085400000| Updating 
|  85|0x0000000085500000, 0x0000000085600000, 0x0000000085600000|100%| O|  |TAMS 0x0000000085600000, 0x0000000085500000| Updating 
|  86|0x0000000085600000, 0x0000000085700000, 0x0000000085700000|100%| O|  |TAMS 0x0000000085700000, 0x0000000085600000| Updating 
|  87|0x0000000085700000, 0x0000000085800000, 0x0000000085800000|100%| O|  |TAMS 0x0000000085800000, 0x0000000085700000| Updating 
|  88|0x0000000085800000, 0x0000000085900000, 0x0000000085900000|100%| O|  |TAMS 0x0000000085900000, 0x0000000085800000| Updating 
|  89|0x0000000085900000, 0x0000000085a00000, 0x0000000085a00000|100%| O|  |TAMS 0x0000000085a00000, 0x0000000085900000| Updating 
|  90|0x0000000085a00000, 0x0000000085b00000, 0x0000000085b00000|100%| O|  |TAMS 0x0000000085b00000, 0x0000000085a00000| Updating 
|  91|0x0000000085b00000, 0x0000000085c00000, 0x0000000085c00000|100%| O|  |TAMS 0x0000000085c00000, 0x0000000085b00000| Updating 
|  92|0x0000000085c00000, 0x0000000085d00000, 0x0000000085d00000|100%| O|  |TAMS 0x0000000085d00000, 0x0000000085c00000| Updating 
|  93|0x0000000085d00000, 0x0000000085e00000, 0x0000000085e00000|100%| O|  |TAMS 0x0000000085e00000, 0x0000000085d00000| Updating 
|  94|0x0000000085e00000, 0x0000000085f00000, 0x0000000085f00000|100%| O|  |TAMS 0x0000000085f00000, 0x0000000085e00000| Updating 
|  95|0x0000000085f00000, 0x0000000086000000, 0x0000000086000000|100%| O|  |TAMS 0x0000000086000000, 0x0000000085f00000| Updating 
|  96|0x0000000086000000, 0x0000000086100000, 0x0000000086100000|100%|HS|  |TAMS 0x0000000086100000, 0x0000000086000000| Complete 
|  97|0x0000000086100000, 0x0000000086200000, 0x0000000086200000|100%|HS|  |TAMS 0x0000000086200000, 0x0000000086100000| Complete 
|  98|0x0000000086200000, 0x0000000086300000, 0x0000000086300000|100%|HS|  |TAMS 0x0000000086300000, 0x0000000086200000| Complete 
|  99|0x0000000086300000, 0x0000000086400000, 0x0000000086400000|100%|HS|  |TAMS 0x0000000086400000, 0x0000000086300000| Complete 
| 100|0x0000000086400000, 0x0000000086500000, 0x0000000086500000|100%| O|  |TAMS 0x0000000086500000, 0x0000000086400000| Updating 
| 101|0x0000000086500000, 0x0000000086600000, 0x0000000086600000|100%| O|  |TAMS 0x000000008651be00, 0x0000000086500000| Updating 
| 102|0x0000000086600000, 0x0000000086700000, 0x0000000086700000|100%| O|  |TAMS 0x0000000086700000, 0x0000000086600000| Updating 
| 103|0x0000000086700000, 0x0000000086800000, 0x0000000086800000|100%| O|  |TAMS 0x0000000086800000, 0x0000000086700000| Updating 
| 104|0x0000000086800000, 0x0000000086900000, 0x0000000086900000|100%| O|  |TAMS 0x0000000086900000, 0x0000000086800000| Updating 
| 105|0x0000000086900000, 0x0000000086a00000, 0x0000000086a00000|100%| O|  |TAMS 0x0000000086a00000, 0x0000000086900000| Updating 
| 106|0x0000000086a00000, 0x0000000086b00000, 0x0000000086b00000|100%| O|  |TAMS 0x0000000086b00000, 0x0000000086a00000| Updating 
| 107|0x0000000086b00000, 0x0000000086c00000, 0x0000000086c00000|100%| O|  |TAMS 0x0000000086c00000, 0x0000000086b00000| Updating 
| 108|0x0000000086c00000, 0x0000000086d00000, 0x0000000086d00000|100%| O|  |TAMS 0x0000000086d00000, 0x0000000086c00000| Updating 
| 109|0x0000000086d00000, 0x0000000086e00000, 0x0000000086e00000|100%| O|  |TAMS 0x0000000086e00000, 0x0000000086d00000| Updating 
| 110|0x0000000086e00000, 0x0000000086f00000, 0x0000000086f00000|100%| O|  |TAMS 0x0000000086f00000, 0x0000000086e00000| Updating 
| 111|0x0000000086f00000, 0x0000000087000000, 0x0000000087000000|100%| O|  |TAMS 0x0000000087000000, 0x0000000086f00000| Updating 
| 112|0x0000000087000000, 0x0000000087100000, 0x0000000087100000|100%| O|  |TAMS 0x0000000087100000, 0x0000000087000000| Updating 
| 113|0x0000000087100000, 0x0000000087200000, 0x0000000087200000|100%| O|  |TAMS 0x0000000087200000, 0x0000000087100000| Updating 
| 114|0x0000000087200000, 0x0000000087300000, 0x0000000087300000|100%| O|  |TAMS 0x0000000087300000, 0x0000000087200000| Updating 
| 115|0x0000000087300000, 0x0000000087400000, 0x0000000087400000|100%| O|  |TAMS 0x0000000087400000, 0x0000000087300000| Updating 
| 116|0x0000000087400000, 0x0000000087500000, 0x0000000087500000|100%|HS|  |TAMS 0x0000000087400000, 0x0000000087400000| Complete 
| 117|0x0000000087500000, 0x0000000087600000, 0x0000000087600000|100%|HS|  |TAMS 0x0000000087500000, 0x0000000087500000| Complete 
| 118|0x0000000087600000, 0x0000000087700000, 0x0000000087700000|100%|HS|  |TAMS 0x0000000087600000, 0x0000000087600000| Complete 
| 119|0x0000000087700000, 0x0000000087800000, 0x0000000087800000|100%|HC|  |TAMS 0x0000000087700000, 0x0000000087700000| Complete 
| 120|0x0000000087800000, 0x0000000087900000, 0x0000000087900000|100%|HC|  |TAMS 0x0000000087800000, 0x0000000087800000| Complete 
| 121|0x0000000087900000, 0x0000000087a00000, 0x0000000087a00000|100%|HC|  |TAMS 0x0000000087900000, 0x0000000087900000| Complete 
| 122|0x0000000087a00000, 0x0000000087b00000, 0x0000000087b00000|100%|HC|  |TAMS 0x0000000087a00000, 0x0000000087a00000| Complete 
| 123|0x0000000087b00000, 0x0000000087c00000, 0x0000000087c00000|100%|HC|  |TAMS 0x0000000087b00000, 0x0000000087b00000| Complete 
| 124|0x0000000087c00000, 0x0000000087d00000, 0x0000000087d00000|100%| O|  |TAMS 0x0000000087c00000, 0x0000000087c00000| Untracked 
| 125|0x0000000087d00000, 0x0000000087e00000, 0x0000000087e00000|100%| O|  |TAMS 0x0000000087d00000, 0x0000000087d00000| Untracked 
| 126|0x0000000087e00000, 0x0000000087f00000, 0x0000000087f00000|100%| O|  |TAMS 0x0000000087e00000, 0x0000000087e00000| Untracked 
| 127|0x0000000087f00000, 0x0000000088000000, 0x0000000088000000|100%| O|  |TAMS 0x0000000087f00000, 0x0000000087f00000| Untracked 
| 128|0x0000000088000000, 0x00000000880d6ab8, 0x0000000088100000| 83%| O|  |TAMS 0x0000000088000000, 0x0000000088000000| Untracked 
| 129|0x0000000088100000, 0x0000000088100000, 0x0000000088200000|  0%| F|  |TAMS 0x0000000088100000, 0x0000000088100000| Untracked 
| 130|0x0000000088200000, 0x0000000088200000, 0x0000000088300000|  0%| F|  |TAMS 0x0000000088200000, 0x0000000088200000| Untracked 
| 131|0x0000000088300000, 0x0000000088300000, 0x0000000088400000|  0%| F|  |TAMS 0x0000000088300000, 0x0000000088300000| Untracked 
| 132|0x0000000088400000, 0x0000000088400000, 0x0000000088500000|  0%| F|  |TAMS 0x0000000088400000, 0x0000000088400000| Untracked 
| 133|0x0000000088500000, 0x0000000088500000, 0x0000000088600000|  0%| F|  |TAMS 0x0000000088500000, 0x0000000088500000| Untracked 
| 134|0x0000000088600000, 0x0000000088600000, 0x0000000088700000|  0%| F|  |TAMS 0x0000000088600000, 0x0000000088600000| Untracked 
| 135|0x0000000088700000, 0x0000000088700000, 0x0000000088800000|  0%| F|  |TAMS 0x0000000088700000, 0x0000000088700000| Untracked 
| 136|0x0000000088800000, 0x0000000088800000, 0x0000000088900000|  0%| F|  |TAMS 0x0000000088800000, 0x0000000088800000| Untracked 
| 137|0x0000000088900000, 0x0000000088900000, 0x0000000088a00000|  0%| F|  |TAMS 0x0000000088900000, 0x0000000088900000| Untracked 
| 138|0x0000000088a00000, 0x0000000088a00000, 0x0000000088b00000|  0%| F|  |TAMS 0x0000000088a00000, 0x0000000088a00000| Untracked 
| 139|0x0000000088b00000, 0x0000000088b00000, 0x0000000088c00000|  0%| F|  |TAMS 0x0000000088b00000, 0x0000000088b00000| Untracked 
| 140|0x0000000088c00000, 0x0000000088c00000, 0x0000000088d00000|  0%| F|  |TAMS 0x0000000088c00000, 0x0000000088c00000| Untracked 
| 141|0x0000000088d00000, 0x0000000088d00000, 0x0000000088e00000|  0%| F|  |TAMS 0x0000000088d00000, 0x0000000088d00000| Untracked 
| 142|0x0000000088e00000, 0x0000000088e00000, 0x0000000088f00000|  0%| F|  |TAMS 0x0000000088e00000, 0x0000000088e00000| Untracked 
| 143|0x0000000088f00000, 0x0000000088f00000, 0x0000000089000000|  0%| F|  |TAMS 0x0000000088f00000, 0x0000000088f00000| Untracked 
| 144|0x0000000089000000, 0x0000000089000000, 0x0000000089100000|  0%| F|  |TAMS 0x0000000089000000, 0x0000000089000000| Untracked 
| 145|0x0000000089100000, 0x0000000089100000, 0x0000000089200000|  0%| F|  |TAMS 0x0000000089100000, 0x0000000089100000| Untracked 
| 146|0x0000000089200000, 0x0000000089200000, 0x0000000089300000|  0%| F|  |TAMS 0x0000000089200000, 0x0000000089200000| Untracked 
| 147|0x0000000089300000, 0x0000000089300000, 0x0000000089400000|  0%| F|  |TAMS 0x0000000089300000, 0x0000000089300000| Untracked 
| 148|0x0000000089400000, 0x0000000089400000, 0x0000000089500000|  0%| F|  |TAMS 0x0000000089400000, 0x0000000089400000| Untracked 
| 149|0x0000000089500000, 0x0000000089500000, 0x0000000089600000|  0%| F|  |TAMS 0x0000000089500000, 0x0000000089500000| Untracked 
| 150|0x0000000089600000, 0x0000000089600000, 0x0000000089700000|  0%| F|  |TAMS 0x0000000089600000, 0x0000000089600000| Untracked 
| 151|0x0000000089700000, 0x0000000089700000, 0x0000000089800000|  0%| F|  |TAMS 0x0000000089700000, 0x0000000089700000| Untracked 
| 152|0x0000000089800000, 0x0000000089800000, 0x0000000089900000|  0%| F|  |TAMS 0x0000000089800000, 0x0000000089800000| Untracked 
| 153|0x0000000089900000, 0x0000000089900000, 0x0000000089a00000|  0%| F|  |TAMS 0x0000000089900000, 0x0000000089900000| Untracked 
| 154|0x0000000089a00000, 0x0000000089a00000, 0x0000000089b00000|  0%| F|  |TAMS 0x0000000089a00000, 0x0000000089a00000| Untracked 
| 155|0x0000000089b00000, 0x0000000089b00000, 0x0000000089c00000|  0%| F|  |TAMS 0x0000000089b00000, 0x0000000089b00000| Untracked 
| 156|0x0000000089c00000, 0x0000000089c00000, 0x0000000089d00000|  0%| F|  |TAMS 0x0000000089c00000, 0x0000000089c00000| Untracked 
| 157|0x0000000089d00000, 0x0000000089d00000, 0x0000000089e00000|  0%| F|  |TAMS 0x0000000089d00000, 0x0000000089d00000| Untracked 
| 158|0x0000000089e00000, 0x0000000089e00000, 0x0000000089f00000|  0%| F|  |TAMS 0x0000000089e00000, 0x0000000089e00000| Untracked 
| 159|0x0000000089f00000, 0x0000000089f00000, 0x000000008a000000|  0%| F|  |TAMS 0x0000000089f00000, 0x0000000089f00000| Untracked 
| 160|0x000000008a000000, 0x000000008a000000, 0x000000008a100000|  0%| F|  |TAMS 0x000000008a000000, 0x000000008a000000| Untracked 
| 161|0x000000008a100000, 0x000000008a100000, 0x000000008a200000|  0%| F|  |TAMS 0x000000008a100000, 0x000000008a100000| Untracked 
| 162|0x000000008a200000, 0x000000008a200000, 0x000000008a300000|  0%| F|  |TAMS 0x000000008a200000, 0x000000008a200000| Untracked 
| 163|0x000000008a300000, 0x000000008a300000, 0x000000008a400000|  0%| F|  |TAMS 0x000000008a300000, 0x000000008a300000| Untracked 
| 164|0x000000008a400000, 0x000000008a400000, 0x000000008a500000|  0%| F|  |TAMS 0x000000008a400000, 0x000000008a400000| Untracked 
| 165|0x000000008a500000, 0x000000008a500000, 0x000000008a600000|  0%| F|  |TAMS 0x000000008a500000, 0x000000008a500000| Untracked 
| 166|0x000000008a600000, 0x000000008a600000, 0x000000008a700000|  0%| F|  |TAMS 0x000000008a600000, 0x000000008a600000| Untracked 
| 167|0x000000008a700000, 0x000000008a700000, 0x000000008a800000|  0%| F|  |TAMS 0x000000008a700000, 0x000000008a700000| Untracked 
| 168|0x000000008a800000, 0x000000008a800000, 0x000000008a900000|  0%| F|  |TAMS 0x000000008a800000, 0x000000008a800000| Untracked 
| 169|0x000000008a900000, 0x000000008a900000, 0x000000008aa00000|  0%| F|  |TAMS 0x000000008a900000, 0x000000008a900000| Untracked 
| 170|0x000000008aa00000, 0x000000008aa00000, 0x000000008ab00000|  0%| F|  |TAMS 0x000000008aa00000, 0x000000008aa00000| Untracked 
| 171|0x000000008ab00000, 0x000000008ab00000, 0x000000008ac00000|  0%| F|  |TAMS 0x000000008ab00000, 0x000000008ab00000| Untracked 
| 172|0x000000008ac00000, 0x000000008ac00000, 0x000000008ad00000|  0%| F|  |TAMS 0x000000008ac00000, 0x000000008ac00000| Untracked 
| 173|0x000000008ad00000, 0x000000008ad00000, 0x000000008ae00000|  0%| F|  |TAMS 0x000000008ad00000, 0x000000008ad00000| Untracked 
| 174|0x000000008ae00000, 0x000000008ae00000, 0x000000008af00000|  0%| F|  |TAMS 0x000000008ae00000, 0x000000008ae00000| Untracked 
| 175|0x000000008af00000, 0x000000008af00000, 0x000000008b000000|  0%| F|  |TAMS 0x000000008af00000, 0x000000008af00000| Untracked 
| 176|0x000000008b000000, 0x000000008b000000, 0x000000008b100000|  0%| F|  |TAMS 0x000000008b000000, 0x000000008b000000| Untracked 
| 177|0x000000008b100000, 0x000000008b100000, 0x000000008b200000|  0%| F|  |TAMS 0x000000008b100000, 0x000000008b100000| Untracked 
| 178|0x000000008b200000, 0x000000008b200000, 0x000000008b300000|  0%| F|  |TAMS 0x000000008b200000, 0x000000008b200000| Untracked 
| 179|0x000000008b300000, 0x000000008b300000, 0x000000008b400000|  0%| F|  |TAMS 0x000000008b300000, 0x000000008b300000| Untracked 
| 180|0x000000008b400000, 0x000000008b400000, 0x000000008b500000|  0%| F|  |TAMS 0x000000008b400000, 0x000000008b400000| Untracked 
| 181|0x000000008b500000, 0x000000008b500000, 0x000000008b600000|  0%| F|  |TAMS 0x000000008b500000, 0x000000008b500000| Untracked 
| 182|0x000000008b600000, 0x000000008b600000, 0x000000008b700000|  0%| F|  |TAMS 0x000000008b600000, 0x000000008b600000| Untracked 
| 183|0x000000008b700000, 0x000000008b700000, 0x000000008b800000|  0%| F|  |TAMS 0x000000008b700000, 0x000000008b700000| Untracked 
| 184|0x000000008b800000, 0x000000008b800000, 0x000000008b900000|  0%| F|  |TAMS 0x000000008b800000, 0x000000008b800000| Untracked 
| 185|0x000000008b900000, 0x000000008b900000, 0x000000008ba00000|  0%| F|  |TAMS 0x000000008b900000, 0x000000008b900000| Untracked 
| 186|0x000000008ba00000, 0x000000008bb00000, 0x000000008bb00000|100%| S|  |TAMS 0x000000008ba00000, 0x000000008ba00000| Complete 
| 187|0x000000008bb00000, 0x000000008bc00000, 0x000000008bc00000|100%| S|  |TAMS 0x000000008bb00000, 0x000000008bb00000| Complete 
| 188|0x000000008bc00000, 0x000000008bd00000, 0x000000008bd00000|100%| S|  |TAMS 0x000000008bc00000, 0x000000008bc00000| Complete 
| 189|0x000000008bd00000, 0x000000008be00000, 0x000000008be00000|100%| S|  |TAMS 0x000000008bd00000, 0x000000008bd00000| Complete 
| 190|0x000000008be00000, 0x000000008bf00000, 0x000000008bf00000|100%| S|  |TAMS 0x000000008be00000, 0x000000008be00000| Complete 
| 191|0x000000008bf00000, 0x000000008c000000, 0x000000008c000000|100%| S|  |TAMS 0x000000008bf00000, 0x000000008bf00000| Complete 
| 192|0x000000008c000000, 0x000000008c100000, 0x000000008c100000|100%| E|CS|TAMS 0x000000008c000000, 0x000000008c000000| Complete 
| 193|0x000000008c100000, 0x000000008c200000, 0x000000008c200000|100%| E|CS|TAMS 0x000000008c100000, 0x000000008c100000| Complete 
| 194|0x000000008c200000, 0x000000008c300000, 0x000000008c300000|100%| E|CS|TAMS 0x000000008c200000, 0x000000008c200000| Complete 
| 195|0x000000008c300000, 0x000000008c400000, 0x000000008c400000|100%| E|CS|TAMS 0x000000008c300000, 0x000000008c300000| Complete 
| 196|0x000000008c400000, 0x000000008c500000, 0x000000008c500000|100%| E|CS|TAMS 0x000000008c400000, 0x000000008c400000| Complete 
| 197|0x000000008c500000, 0x000000008c600000, 0x000000008c600000|100%| E|CS|TAMS 0x000000008c500000, 0x000000008c500000| Complete 
| 198|0x000000008c600000, 0x000000008c700000, 0x000000008c700000|100%| E|CS|TAMS 0x000000008c600000, 0x000000008c600000| Complete 
| 199|0x000000008c700000, 0x000000008c800000, 0x000000008c800000|100%| E|CS|TAMS 0x000000008c700000, 0x000000008c700000| Complete 
| 200|0x000000008c800000, 0x000000008c900000, 0x000000008c900000|100%| E|CS|TAMS 0x000000008c800000, 0x000000008c800000| Complete 
| 201|0x000000008c900000, 0x000000008ca00000, 0x000000008ca00000|100%| E|CS|TAMS 0x000000008c900000, 0x000000008c900000| Complete 
| 202|0x000000008ca00000, 0x000000008cb00000, 0x000000008cb00000|100%| E|CS|TAMS 0x000000008ca00000, 0x000000008ca00000| Complete 
| 203|0x000000008cb00000, 0x000000008cc00000, 0x000000008cc00000|100%| E|CS|TAMS 0x000000008cb00000, 0x000000008cb00000| Complete 
| 204|0x000000008cc00000, 0x000000008cd00000, 0x000000008cd00000|100%| E|CS|TAMS 0x000000008cc00000, 0x000000008cc00000| Complete 
| 205|0x000000008cd00000, 0x000000008ce00000, 0x000000008ce00000|100%| E|CS|TAMS 0x000000008cd00000, 0x000000008cd00000| Complete 
| 206|0x000000008ce00000, 0x000000008cf00000, 0x000000008cf00000|100%| E|CS|TAMS 0x000000008ce00000, 0x000000008ce00000| Complete 
| 207|0x000000008cf00000, 0x000000008d000000, 0x000000008d000000|100%| E|CS|TAMS 0x000000008cf00000, 0x000000008cf00000| Complete 
| 208|0x000000008d000000, 0x000000008d100000, 0x000000008d100000|100%| E|CS|TAMS 0x000000008d000000, 0x000000008d000000| Complete 
| 209|0x000000008d100000, 0x000000008d200000, 0x000000008d200000|100%| E|CS|TAMS 0x000000008d100000, 0x000000008d100000| Complete 
| 210|0x000000008d200000, 0x000000008d260030, 0x000000008d300000| 37%| E|CS|TAMS 0x000000008d200000, 0x000000008d200000| Complete 
| 211|0x000000008d300000, 0x000000008d400000, 0x000000008d400000|100%| E|CS|TAMS 0x000000008d300000, 0x000000008d300000| Complete 
| 212|0x000000008d400000, 0x000000008d500000, 0x000000008d500000|100%| E|CS|TAMS 0x000000008d400000, 0x000000008d400000| Complete 
| 213|0x000000008d500000, 0x000000008d600000, 0x000000008d600000|100%| E|CS|TAMS 0x000000008d500000, 0x000000008d500000| Complete 
| 214|0x000000008d600000, 0x000000008d700000, 0x000000008d700000|100%| E|CS|TAMS 0x000000008d600000, 0x000000008d600000| Complete 
| 215|0x000000008d700000, 0x000000008d800000, 0x000000008d800000|100%| E|CS|TAMS 0x000000008d700000, 0x000000008d700000| Complete 
| 216|0x000000008d800000, 0x000000008d900000, 0x000000008d900000|100%| E|CS|TAMS 0x000000008d800000, 0x000000008d800000| Complete 
| 217|0x000000008d900000, 0x000000008da00000, 0x000000008da00000|100%| E|CS|TAMS 0x000000008d900000, 0x000000008d900000| Complete 
| 218|0x000000008da00000, 0x000000008db00000, 0x000000008db00000|100%| E|CS|TAMS 0x000000008da00000, 0x000000008da00000| Complete 
| 219|0x000000008db00000, 0x000000008dc00000, 0x000000008dc00000|100%| E|CS|TAMS 0x000000008db00000, 0x000000008db00000| Complete 
| 220|0x000000008dc00000, 0x000000008dd00000, 0x000000008dd00000|100%| E|CS|TAMS 0x000000008dc00000, 0x000000008dc00000| Complete 
| 221|0x000000008dd00000, 0x000000008de00000, 0x000000008de00000|100%| E|CS|TAMS 0x000000008dd00000, 0x000000008dd00000| Complete 
| 222|0x000000008de00000, 0x000000008df00000, 0x000000008df00000|100%| E|CS|TAMS 0x000000008de00000, 0x000000008de00000| Complete 
| 223|0x000000008df00000, 0x000000008e000000, 0x000000008e000000|100%| E|CS|TAMS 0x000000008df00000, 0x000000008df00000| Complete 
| 224|0x000000008e000000, 0x000000008e100000, 0x000000008e100000|100%| E|CS|TAMS 0x000000008e000000, 0x000000008e000000| Complete 
| 225|0x000000008e100000, 0x000000008e200000, 0x000000008e200000|100%| E|CS|TAMS 0x000000008e100000, 0x000000008e100000| Complete 
| 226|0x000000008e200000, 0x000000008e300000, 0x000000008e300000|100%| E|CS|TAMS 0x000000008e200000, 0x000000008e200000| Complete 
| 227|0x000000008e300000, 0x000000008e400000, 0x000000008e400000|100%| E|CS|TAMS 0x000000008e300000, 0x000000008e300000| Complete 
| 228|0x000000008e400000, 0x000000008e500000, 0x000000008e500000|100%| E|CS|TAMS 0x000000008e400000, 0x000000008e400000| Complete 
| 229|0x000000008e500000, 0x000000008e600000, 0x000000008e600000|100%| E|CS|TAMS 0x000000008e500000, 0x000000008e500000| Complete 
| 230|0x000000008e600000, 0x000000008e700000, 0x000000008e700000|100%| E|CS|TAMS 0x000000008e600000, 0x000000008e600000| Complete 
| 231|0x000000008e700000, 0x000000008e800000, 0x000000008e800000|100%| E|CS|TAMS 0x000000008e700000, 0x000000008e700000| Complete 
| 232|0x000000008e800000, 0x000000008e900000, 0x000000008e900000|100%| E|CS|TAMS 0x000000008e800000, 0x000000008e800000| Complete 
| 233|0x000000008e900000, 0x000000008ea00000, 0x000000008ea00000|100%| E|CS|TAMS 0x000000008e900000, 0x000000008e900000| Complete 
| 234|0x000000008ea00000, 0x000000008eb00000, 0x000000008eb00000|100%| E|CS|TAMS 0x000000008ea00000, 0x000000008ea00000| Complete 
| 235|0x000000008eb00000, 0x000000008ec00000, 0x000000008ec00000|100%| E|CS|TAMS 0x000000008eb00000, 0x000000008eb00000| Complete 
| 236|0x000000008ec00000, 0x000000008ed00000, 0x000000008ed00000|100%| E|CS|TAMS 0x000000008ec00000, 0x000000008ec00000| Complete 
| 237|0x000000008ed00000, 0x000000008ee00000, 0x000000008ee00000|100%| E|CS|TAMS 0x000000008ed00000, 0x000000008ed00000| Complete 
| 238|0x000000008ee00000, 0x000000008ef00000, 0x000000008ef00000|100%| E|CS|TAMS 0x000000008ee00000, 0x000000008ee00000| Complete 
| 239|0x000000008ef00000, 0x000000008f000000, 0x000000008f000000|100%| E|CS|TAMS 0x000000008ef00000, 0x000000008ef00000| Complete 
| 240|0x000000008f000000, 0x000000008f100000, 0x000000008f100000|100%| O|  |TAMS 0x000000008f100000, 0x000000008f000000| Updating 
| 241|0x000000008f100000, 0x000000008f200000, 0x000000008f200000|100%| O|  |TAMS 0x000000008f200000, 0x000000008f100000| Updating 
| 242|0x000000008f200000, 0x000000008f300000, 0x000000008f300000|100%| O|  |TAMS 0x000000008f300000, 0x000000008f200000| Updating 
| 243|0x000000008f300000, 0x000000008f400000, 0x000000008f400000|100%| O|  |TAMS 0x000000008f400000, 0x000000008f300000| Updating 
| 244|0x000000008f400000, 0x000000008f500000, 0x000000008f500000|100%| O|  |TAMS 0x000000008f500000, 0x000000008f400000| Updating 
| 245|0x000000008f500000, 0x000000008f600000, 0x000000008f600000|100%| O|  |TAMS 0x000000008f600000, 0x000000008f500000| Updating 
| 246|0x000000008f600000, 0x000000008f700000, 0x000000008f700000|100%| O|  |TAMS 0x000000008f700000, 0x000000008f600000| Updating 
| 247|0x000000008f700000, 0x000000008f800000, 0x000000008f800000|100%| O|  |TAMS 0x000000008f800000, 0x000000008f700000| Updating 
| 248|0x000000008f800000, 0x000000008f900000, 0x000000008f900000|100%| O|  |TAMS 0x000000008f900000, 0x000000008f800000| Updating 
| 249|0x000000008f900000, 0x000000008fa00000, 0x000000008fa00000|100%| O|  |TAMS 0x000000008fa00000, 0x000000008f900000| Updating 
| 250|0x000000008fa00000, 0x000000008fb00000, 0x000000008fb00000|100%| O|  |TAMS 0x000000008fb00000, 0x000000008fa00000| Updating 
| 251|0x000000008fb00000, 0x000000008fc00000, 0x000000008fc00000|100%| O|  |TAMS 0x000000008fc00000, 0x000000008fb00000| Updating 
| 252|0x000000008fc00000, 0x000000008fd00000, 0x000000008fd00000|100%| O|  |TAMS 0x000000008fd00000, 0x000000008fc00000| Updating 

Card table byte_map: [0x00000042b1e60000,0x00000042b2260000] _byte_map_base: 0x00000042b1a60000

Marking Bits (Prev, Next): (CMBitMap*) 0x000000429e3f4ef8, (CMBitMap*) 0x000000429e3f4f30
 Prev Bits: [0x00000042b2660000, 0x00000042b4660000)
 Next Bits: [0x00000042b4660000, 0x00000042b6660000)

Polling page: 0x000000429e4a0000

Metaspace:

Usage:
  Non-class:     81.86 MB capacity,    80.36 MB ( 98%) used,     1.21 MB (  1%) free+waste,   289.06 KB ( <1%) overhead. 
      Class:     13.07 MB capacity,    12.17 MB ( 93%) used,   789.73 KB (  6%) free+waste,   129.38 KB ( <1%) overhead. 
       Both:     94.93 MB capacity,    92.53 MB ( 97%) used,     1.98 MB (  2%) free+waste,   418.44 KB ( <1%) overhead. 

Virtual space:
  Non-class space:       84.00 MB reserved,      82.25 MB ( 98%) committed 
      Class space:        1.00 GB reserved,      13.32 MB (  1%) committed 
             Both:        1.08 GB reserved,      95.57 MB (  9%) committed 

Chunk freelists:
   Non-Class:  335.00 KB
       Class:  219.00 KB
        Both:  554.00 KB

MaxMetaspaceSize: 17179869184.00 GB
CompressedClassSpaceSize: 1.00 GB

CodeHeap 'non-profiled nmethods': size=120000Kb used=8038Kb max_used=8038Kb free=111961Kb
 bounds [0x00000042a99a0000, 0x00000042aa180000, 0x00000042b0ed0000]
CodeHeap 'profiled nmethods': size=120000Kb used=25641Kb max_used=25641Kb free=94358Kb
 bounds [0x00000042a2470000, 0x00000042a3d80000, 0x00000042a99a0000]
CodeHeap 'non-nmethods': size=5760Kb used=2306Kb max_used=2387Kb free=3453Kb
 bounds [0x00000042a1ed0000, 0x00000042a2140000, 0x00000042a2470000]
 total_blobs=13191 nmethods=12280 adapters=822
 compilation: enabled
              stopped_count=0, restarted_count=0
 full_count=0

Compilation events (20 events):
Event: 19.757 Thread 0x00000042b9e04800 12392       2       com.android.tools.r8.graph.G$d::a (14 bytes)
Event: 19.757 Thread 0x00000042b9e04800 nmethod 12392 0x00000042a3d77f90 code [0x00000042a3d78180, 0x00000042a3d78388]
Event: 19.759 Thread 0x00000042b9e04800 12394       2       com.android.tools.r8.graph.G$a::a (14 bytes)
Event: 19.759 Thread 0x00000042b9e04800 nmethod 12394 0x00000042a3d78510 code [0x00000042a3d78700, 0x00000042a3d78908]
Event: 19.759 Thread 0x00000042b9e04800 12395       2       com.android.tools.r8.internal.e9::c (25 bytes)
Event: 19.759 Thread 0x00000042b9e04800 nmethod 12395 0x00000042a3d78a90 code [0x00000042a3d78c60, 0x00000042a3d78de8]
Event: 19.760 Thread 0x00000042b9e04800 12397       2       com.android.tools.r8.graph.G$b::a (14 bytes)
Event: 19.760 Thread 0x00000042b9e04800 nmethod 12397 0x00000042a3d78f10 code [0x00000042a3d79100, 0x00000042a3d79308]
Event: 19.761 Thread 0x00000042b9e04800 12399       2       com.android.tools.r8.internal.No::a (123 bytes)
Event: 19.762 Thread 0x00000042b9e04800 nmethod 12399 0x00000042a3d79490 code [0x00000042a3d79660, 0x00000042a3d79a48]
Event: 19.762 Thread 0x00000042b9e04800 12400       2       com.android.tools.r8.graph.G$e::a (15 bytes)
Event: 19.762 Thread 0x00000042b9e04800 nmethod 12400 0x00000042a3d79b90 code [0x00000042a3d79d80, 0x00000042a3d79f88]
Event: 19.768 Thread 0x00000042b9e04800 12403       2       com.android.tools.r8.graph.E::R (36 bytes)
Event: 19.769 Thread 0x00000042b9e04800 nmethod 12403 0x00000042a3d7a110 code [0x00000042a3d7a2e0, 0x00000042a3d7a4e8]
Event: 19.770 Thread 0x00000042b9db2800 nmethod 12153 0x00000042aa177990 code [0x00000042aa177be0, 0x00000042aa178770]
Event: 19.770 Thread 0x00000042b9db2800 12401       4       com.android.tools.r8.internal.No::b (64 bytes)
Event: 19.771 Thread 0x00000042b9e04800 12405       1       com.android.tools.r8.graph.G$j::d (5 bytes)
Event: 19.772 Thread 0x00000042b9e04800 nmethod 12405 0x00000042aa179090 code [0x00000042aa179240, 0x00000042aa1792d8]
Event: 19.774 Thread 0x00000042b9db2800 nmethod 12401 0x00000042aa179390 code [0x00000042aa179540, 0x00000042aa179898]
Event: 19.774 Thread 0x00000042b9db2800 12404       4       com.android.tools.r8.internal.e9::a (120 bytes)

GC Heap History (20 events):
Event: 12.426 GC heap after
{Heap after GC invocations=10 (full 0):
 garbage-first heap   total 245760K, used 54065K [0x0000000080000000, 0x0000000100000000)
  region size 1024K, 11 young (11264K), 11 survivors (11264K)
 Metaspace       used 69578K, capacity 71282K, committed 71372K, reserved 1112064K
  class space    used 9038K, capacity 9632K, committed 9676K, reserved 1048576K
}
Event: 14.283 GC heap before
{Heap before GC invocations=10 (full 0):
 garbage-first heap   total 245760K, used 184113K [0x0000000080000000, 0x0000000100000000)
  region size 1024K, 139 young (142336K), 11 survivors (11264K)
 Metaspace       used 78911K, capacity 81039K, committed 81100K, reserved 1120256K
  class space    used 10363K, capacity 11170K, committed 11212K, reserved 1048576K
}
Event: 14.298 GC heap after
{Heap after GC invocations=11 (full 0):
 garbage-first heap   total 245760K, used 62729K [0x0000000080000000, 0x0000000100000000)
  region size 1024K, 10 young (10240K), 10 survivors (10240K)
 Metaspace       used 78911K, capacity 81039K, committed 81100K, reserved 1120256K
  class space    used 10363K, capacity 11170K, committed 11212K, reserved 1048576K
}
Event: 16.275 GC heap before
{Heap before GC invocations=11 (full 0):
 garbage-first heap   total 245760K, used 190729K [0x0000000080000000, 0x0000000100000000)
  region size 1024K, 134 young (137216K), 10 survivors (10240K)
 Metaspace       used 85568K, capacity 87737K, committed 88012K, reserved 1126400K
  class space    used 11114K, capacity 11928K, committed 11980K, reserved 1048576K
}
Event: 16.293 GC heap after
{Heap after GC invocations=12 (full 0):
 garbage-first heap   total 245760K, used 69632K [0x0000000080000000, 0x0000000100000000)
  region size 1024K, 14 young (14336K), 14 survivors (14336K)
 Metaspace       used 85568K, capacity 87737K, committed 88012K, reserved 1126400K
  class space    used 11114K, capacity 11928K, committed 11980K, reserved 1048576K
}
Event: 17.712 GC heap before
{Heap before GC invocations=12 (full 0):
 garbage-first heap   total 245760K, used 206848K [0x0000000080000000, 0x0000000100000000)
  region size 1024K, 136 young (139264K), 14 survivors (14336K)
 Metaspace       used 91717K, capacity 94086K, committed 94156K, reserved 1130496K
  class space    used 12101K, capacity 12991K, committed 13004K, reserved 1048576K
}
Event: 17.750 GC heap after
{Heap after GC invocations=13 (full 0):
 garbage-first heap   total 259072K, used 113910K [0x0000000080000000, 0x0000000100000000)
  region size 1024K, 17 young (17408K), 17 survivors (17408K)
 Metaspace       used 91717K, capacity 94086K, committed 94156K, reserved 1130496K
  class space    used 12101K, capacity 12991K, committed 13004K, reserved 1048576K
}
Event: 17.776 GC heap before
{Heap before GC invocations=13 (full 0):
 garbage-first heap   total 259072K, used 118006K [0x0000000080000000, 0x0000000100000000)
  region size 1024K, 21 young (21504K), 17 survivors (17408K)
 Metaspace       used 91724K, capacity 94088K, committed 94156K, reserved 1130496K
  class space    used 12101K, capacity 12991K, committed 13004K, reserved 1048576K
}
Event: 17.797 GC heap after
{Heap after GC invocations=14 (full 0):
 garbage-first heap   total 259072K, used 119808K [0x0000000080000000, 0x0000000100000000)
  region size 1024K, 3 young (3072K), 3 survivors (3072K)
 Metaspace       used 91724K, capacity 94088K, committed 94156K, reserved 1130496K
  class space    used 12101K, capacity 12991K, committed 13004K, reserved 1048576K
}
Event: 18.295 GC heap before
{Heap before GC invocations=14 (full 0):
 garbage-first heap   total 259072K, used 167936K [0x0000000080000000, 0x0000000100000000)
  region size 1024K, 51 young (52224K), 3 survivors (3072K)
 Metaspace       used 94554K, capacity 97232K, committed 97356K, reserved 1132544K
  class space    used 12528K, capacity 13539K, committed 13644K, reserved 1048576K
}
Event: 18.320 GC heap after
{Heap after GC invocations=15 (full 0):
 garbage-first heap   total 259072K, used 129024K [0x0000000080000000, 0x0000000100000000)
  region size 1024K, 7 young (7168K), 7 survivors (7168K)
 Metaspace       used 94554K, capacity 97232K, committed 97356K, reserved 1132544K
  class space    used 12528K, capacity 13539K, committed 13644K, reserved 1048576K
}
Event: 18.612 GC heap before
{Heap before GC invocations=16 (full 0):
 garbage-first heap   total 259072K, used 147456K [0x0000000080000000, 0x0000000100000000)
  region size 1024K, 31 young (31744K), 7 survivors (7168K)
 Metaspace       used 94268K, capacity 96698K, committed 97356K, reserved 1132544K
  class space    used 12422K, capacity 13347K, committed 13644K, reserved 1048576K
}
Event: 18.623 GC heap after
{Heap after GC invocations=17 (full 0):
 garbage-first heap   total 259072K, used 128478K [0x0000000080000000, 0x0000000100000000)
  region size 1024K, 3 young (3072K), 3 survivors (3072K)
 Metaspace       used 94268K, capacity 96698K, committed 97356K, reserved 1132544K
  class space    used 12422K, capacity 13347K, committed 13644K, reserved 1048576K
}
Event: 18.941 GC heap before
{Heap before GC invocations=18 (full 0):
 garbage-first heap   total 259072K, used 143838K [0x0000000080000000, 0x0000000100000000)
  region size 1024K, 19 young (19456K), 3 survivors (3072K)
 Metaspace       used 94369K, capacity 96865K, committed 97612K, reserved 1132544K
  class space    used 12431K, capacity 13336K, committed 13644K, reserved 1048576K
}
Event: 18.950 GC heap after
{Heap after GC invocations=19 (full 0):
 garbage-first heap   total 259072K, used 130292K [0x0000000080000000, 0x0000000100000000)
  region size 1024K, 4 young (4096K), 4 survivors (4096K)
 Metaspace       used 94369K, capacity 96865K, committed 97612K, reserved 1132544K
  class space    used 12431K, capacity 13336K, committed 13644K, reserved 1048576K
}
Event: 19.252 GC heap before
{Heap before GC invocations=20 (full 0):
 garbage-first heap   total 259072K, used 138484K [0x0000000080000000, 0x0000000100000000)
  region size 1024K, 13 young (13312K), 4 survivors (4096K)
 Metaspace       used 94386K, capacity 96837K, committed 97612K, reserved 1132544K
  class space    used 12425K, capacity 13324K, committed 13644K, reserved 1048576K
}
Event: 19.261 GC heap after
{Heap after GC invocations=21 (full 0):
 garbage-first heap   total 259072K, used 132577K [0x0000000080000000, 0x0000000100000000)
  region size 1024K, 5 young (5120K), 5 survivors (5120K)
 Metaspace       used 94386K, capacity 96837K, committed 97612K, reserved 1132544K
  class space    used 12425K, capacity 13324K, committed 13644K, reserved 1048576K
}
Event: 19.562 GC heap before
{Heap before GC invocations=22 (full 0):
 garbage-first heap   total 259072K, used 151009K [0x0000000080000000, 0x0000000100000000)
  region size 1024K, 23 young (23552K), 5 survivors (5120K)
 Metaspace       used 94601K, capacity 97055K, committed 97868K, reserved 1134592K
  class space    used 12453K, capacity 13375K, committed 13644K, reserved 1048576K
}
Event: 19.571 GC heap after
{Heap after GC invocations=23 (full 0):
 garbage-first heap   total 259072K, used 137711K [0x0000000080000000, 0x0000000100000000)
  region size 1024K, 7 young (7168K), 7 survivors (7168K)
 Metaspace       used 94601K, capacity 97055K, committed 97868K, reserved 1134592K
  class space    used 12453K, capacity 13375K, committed 13644K, reserved 1048576K
}
Event: 19.798 GC heap before
{Heap before GC invocations=23 (full 0):
 garbage-first heap   total 259072K, used 186863K [0x0000000080000000, 0x0000000100000000)
  region size 1024K, 48 young (49152K), 7 survivors (7168K)
 Metaspace       used 94755K, capacity 97206K, committed 97868K, reserved 1134592K
  class space    used 12461K, capacity 13381K, committed 13644K, reserved 1048576K
}

Deoptimization events (20 events):
Event: 19.593 Thread 0x00000042c155c800 Uncommon trap: trap_request=0xffffff7e fr.pc=0x00000042aa0b9e78 relative=0x0000000000000518
Event: 19.593 Thread 0x00000042c155c800 Uncommon trap: reason=predicate action=maybe_recompile pc=0x00000042aa0b9e78 method=com.android.tools.r8.internal.fr.f(Ljava/util/function/Function;)Lcom/android/tools/r8/internal/DF; @ 60 c2
Event: 19.593 Thread 0x00000042c155c800 DEOPT PACKING pc=0x00000042aa0b9e78 sp=0x00000042cc54e890
Event: 19.593 Thread 0x00000042c155c800 DEOPT UNPACKING pc=0x00000042a1ef78af sp=0x00000042cc54e848 mode 2
Event: 19.672 Thread 0x00000042c155c800 Uncommon trap: trap_request=0xffffff4d fr.pc=0x00000042aa140474 relative=0x00000000000016f4
Event: 19.672 Thread 0x00000042c155c800 Uncommon trap: reason=unstable_if action=reinterpret pc=0x00000042aa140474 method=java.util.TimSort.mergeHi(IIII)V @ 131 c2
Event: 19.672 Thread 0x00000042c155c800 DEOPT PACKING pc=0x00000042aa140474 sp=0x00000042cc54e700
Event: 19.672 Thread 0x00000042c155c800 DEOPT UNPACKING pc=0x00000042a1ef78af sp=0x00000042cc54e6d0 mode 2
Event: 19.672 Thread 0x00000042c155c800 Uncommon trap: trap_request=0xffffff4d fr.pc=0x00000042aa13b738 relative=0x00000000000015f8
Event: 19.672 Thread 0x00000042c155c800 Uncommon trap: reason=unstable_if action=reinterpret pc=0x00000042aa13b738 method=java.util.TimSort.mergeLo(IIII)V @ 105 c2
Event: 19.672 Thread 0x00000042c155c800 DEOPT PACKING pc=0x00000042aa13b738 sp=0x00000042cc54e710
Event: 19.672 Thread 0x00000042c155c800 DEOPT UNPACKING pc=0x00000042a1ef78af sp=0x00000042cc54e6d8 mode 2
Event: 19.676 Thread 0x00000042c155c800 Uncommon trap: trap_request=0xffffffde fr.pc=0x00000042aa138a04 relative=0x00000000000010e4
Event: 19.676 Thread 0x00000042c155c800 Uncommon trap: reason=class_check action=maybe_recompile pc=0x00000042aa138a04 method=java.util.TimSort.mergeHi(IIII)V @ 227 c2
Event: 19.676 Thread 0x00000042c155c800 DEOPT PACKING pc=0x00000042aa138a04 sp=0x00000042cc54e700
Event: 19.676 Thread 0x00000042c155c800 DEOPT UNPACKING pc=0x00000042a1ef78af sp=0x00000042cc54e6c8 mode 2
Event: 19.768 Thread 0x00000042c155c800 Uncommon trap: trap_request=0xffffff4d fr.pc=0x00000042aa131f74 relative=0x00000000000017b4
Event: 19.768 Thread 0x00000042c155c800 Uncommon trap: reason=unstable_if action=reinterpret pc=0x00000042aa131f74 method=com.android.tools.r8.graph.E.R()Lcom/android/tools/r8/internal/na; @ 4 c2
Event: 19.768 Thread 0x00000042c155c800 DEOPT PACKING pc=0x00000042aa131f74 sp=0x00000042cc54e390
Event: 19.768 Thread 0x00000042c155c800 DEOPT UNPACKING pc=0x00000042a1ef78af sp=0x00000042cc54e3a8 mode 2

Classes redefined (0 events):
No events

Internal exceptions (20 events):
Event: 17.169 Thread 0x00000042c76aa800 Exception <a 'java/lang/NoSuchMethodError'{0x000000008be276f0}: 'java.lang.Object java.lang.invoke.DirectMethodHandle$Holder.invokeStatic(java.lang.Object, java.lang.Object, java.lang.Object, java.lang.Object, java.lang.Object, java.lang.Object, java.lang.Object, java.lang.Object, java.lang.Object, java.lang.Object, java.lang.Object, java.lang.Object, java.lang.Object, java.lang.Object, java.lang.Object, java.lang.Object, java.lang.Object, java.lang.Object, int, java.lang.Object)'> (0x000000008be276f0) thr
Event: 17.169 Thread 0x00000042c76aa800 Exception <a 'java/lang/NoSuchMethodError'{0x000000008be2cf80}: 'java.lang.Object java.lang.invoke.DirectMethodHandle$Holder.invokeStaticInit(java.lang.Object, java.lang.Object, java.lang.Object, java.lang.Object, java.lang.Object, java.lang.Object, java.lang.Object, java.lang.Object, java.lang.Object, java.lang.Object, java.lang.Object, java.lang.Object, java.lang.Object, java.lang.Object, java.lang.Object, java.lang.Object, java.lang.Object, java.lang.Object, int, java.lang.Object)'> (0x000000008be2cf80)
Event: 17.347 Thread 0x00000042c155c800 Exception <a 'java/lang/IncompatibleClassChangeError'{0x0000000089f62680}: Found class java.lang.Object, but interface was expected> (0x0000000089f62680) thrown at [./src/hotspot/share/interpreter/linkResolver.cpp, line 839]
Event: 17.347 Thread 0x00000042c7f66000 Exception <a 'java/lang/IncompatibleClassChangeError'{0x0000000089fc2928}: Found class java.lang.Object, but interface was expected> (0x0000000089fc2928) thrown at [./src/hotspot/share/interpreter/linkResolver.cpp, line 839]
Event: 17.375 Thread 0x00000042c7f64800 Exception <a 'java/lang/NoSuchMethodError'{0x0000000089f8f9d8}: 'java.lang.Object java.lang.invoke.DirectMethodHandle$Holder.newInvokeSpecial(java.lang.Object, int)'> (0x0000000089f8f9d8) thrown at [./src/hotspot/share/interpreter/linkResolver.cpp, line 773]
Event: 17.494 Thread 0x00000042c76ad800 Exception <a 'java/lang/IncompatibleClassChangeError'{0x0000000089d29e58}: Found class java.lang.Object, but interface was expected> (0x0000000089d29e58) thrown at [./src/hotspot/share/interpreter/linkResolver.cpp, line 839]
Event: 17.494 Thread 0x00000042c76ad800 Exception <a 'java/lang/IncompatibleClassChangeError'{0x0000000089d31298}: Found class java.lang.Object, but interface was expected> (0x0000000089d31298) thrown at [./src/hotspot/share/interpreter/linkResolver.cpp, line 839]
Event: 17.851 Thread 0x00000042c76aa800 Exception <a 'java/lang/NoSuchMethodError'{0x000000008e2157c0}: 'int java.lang.invoke.DirectMethodHandle$Holder.invokeVirtual(java.lang.Object, java.lang.Object, java.lang.Object, java.lang.Object)'> (0x000000008e2157c0) thrown at [./src/hotspot/share/interpreter/linkResolver.cpp, line 773]
Event: 17.874 Thread 0x00000042c76aa800 Exception <a 'java/lang/NoSuchMethodError'{0x000000008e18be40}: 'void java.lang.invoke.DirectMethodHandle$Holder.invokeStatic(java.lang.Object, java.lang.Object, java.lang.Object, int)'> (0x000000008e18be40) thrown at [./src/hotspot/share/interpreter/linkResolver.cpp, line 773]
Event: 17.875 Thread 0x00000042c76aa800 Exception <a 'java/lang/IncompatibleClassChangeError'{0x000000008e193bf8}: Found class java.lang.Object, but interface was expected> (0x000000008e193bf8) thrown at [./src/hotspot/share/interpreter/linkResolver.cpp, line 839]
Event: 17.878 Thread 0x00000042c7f67000 Exception <a 'java/lang/NoSuchMethodError'{0x000000008e1ee320}: 'int java.lang.invoke.DirectMethodHandle$Holder.invokeVirtual(java.lang.Object, java.lang.Object, java.lang.Object)'> (0x000000008e1ee320) thrown at [./src/hotspot/share/interpreter/linkResolver.cpp, line 773]
Event: 17.878 Thread 0x00000042c155c800 Exception <a 'java/lang/NoSuchMethodError'{0x000000008e002b30}: 'int java.lang.invoke.DirectMethodHandle$Holder.invokeVirtual(java.lang.Object, java.lang.Object, java.lang.Object)'> (0x000000008e002b30) thrown at [./src/hotspot/share/interpreter/linkResolver.cpp, line 773]
Event: 17.878 Thread 0x00000042c7f65000 Exception <a 'java/lang/NoSuchMethodError'{0x000000008ed8fe18}: 'int java.lang.invoke.DirectMethodHandle$Holder.invokeVirtual(java.lang.Object, java.lang.Object, java.lang.Object)'> (0x000000008ed8fe18) thrown at [./src/hotspot/share/interpreter/linkResolver.cpp, line 773]
Event: 17.878 Thread 0x00000042c7f66000 Exception <a 'java/lang/NoSuchMethodError'{0x000000008e6916c8}: 'int java.lang.invoke.DirectMethodHandle$Holder.invokeVirtual(java.lang.Object, java.lang.Object, java.lang.Object)'> (0x000000008e6916c8) thrown at [./src/hotspot/share/interpreter/linkResolver.cpp, line 773]
Event: 18.062 Thread 0x00000042c76aa800 Exception <a 'java/lang/NoSuchMethodError'{0x000000008d38a5a0}: 'java.lang.Object java.lang.invoke.Invokers$Holder.linkToTargetMethod(java.lang.Object, int, java.lang.Object, java.lang.Object, java.lang.Object, java.lang.Object)'> (0x000000008d38a5a0) thrown at [./src/hotspot/share/interpreter/linkResolver.cpp, line 773]
Event: 18.063 Thread 0x00000042c76aa800 Exception <a 'java/lang/NoSuchMethodError'{0x000000008d38e258}: 'void java.lang.invoke.DirectMethodHandle$Holder.invokeSpecial(java.lang.Object, java.lang.Object, java.lang.Object, java.lang.Object, java.lang.Object, java.lang.Object, java.lang.Object, java.lang.Object, java.lang.Object)'> (0x000000008d38e258) thrown at [./src/hotspot/share/interpreter/linkResolver.cpp, line 773]
Event: 18.063 Thread 0x00000042c76aa800 Exception <a 'java/lang/NoSuchMethodError'{0x000000008d397450}: 'java.lang.Object java.lang.invoke.Invokers$Holder.linkToTargetMethod(java.lang.Object, java.lang.Object, java.lang.Object, java.lang.Object, java.lang.Object, java.lang.Object, java.lang.Object)'> (0x000000008d397450) thrown at [./src/hotspot/share/interpreter/linkResolver.cpp, line 773]
Event: 18.066 Thread 0x00000042c76aa800 Exception <a 'java/lang/IncompatibleClassChangeError'{0x000000008d3bc1a0}: Found class java.lang.Object, but interface was expected> (0x000000008d3bc1a0) thrown at [./src/hotspot/share/interpreter/linkResolver.cpp, line 839]
Event: 18.093 Thread 0x00000042c76aa800 Exception <a 'java/lang/NoSuchMethodError'{0x000000008d2adc98}: 'void java.lang.invoke.DirectMethodHandle$Holder.invokeStatic(java.lang.Object, java.lang.Object, java.lang.Object, java.lang.Object, java.lang.Object, java.lang.Object, java.lang.Object, java.lang.Object)'> (0x000000008d2adc98) thrown at [./src/hotspot/share/interpreter/linkResolver.cpp, line 773]
Event: 18.825 Thread 0x00000042c76aa800 Exception <a 'java/lang/IncompatibleClassChangeError'{0x000000008e4e2508}: Found class java.lang.Object, but interface was expected> (0x000000008e4e2508) thrown at [./src/hotspot/share/interpreter/linkResolver.cpp, line 839]

Events (20 events):
Event: 19.617 loading class com/android/tools/r8/graph/V0 done
Event: 19.617 loading class com/android/tools/r8/dex/m
Event: 19.617 loading class com/android/tools/r8/dex/m done
Event: 19.617 loading class com/android/tools/r8/internal/Gw
Event: 19.617 loading class com/android/tools/r8/internal/Gw done
Event: 19.618 loading class com/android/tools/r8/naming/w$b
Event: 19.618 loading class com/android/tools/r8/naming/w$b done
Event: 19.619 loading class com/android/tools/r8/naming/w$c
Event: 19.619 loading class com/android/tools/r8/naming/w$c done
Event: 19.619 loading class com/android/tools/r8/naming/w
Event: 19.619 loading class com/android/tools/r8/naming/w done
Event: 19.671 loading class com/android/tools/r8/internal/Gw
Event: 19.671 loading class com/android/tools/r8/internal/Gw done
Event: 19.736 loading class com/android/tools/r8/dex/m$a
Event: 19.736 loading class com/android/tools/r8/dex/m$a done
Event: 19.742 loading class com/android/tools/r8/internal/e9
Event: 19.742 loading class com/android/tools/r8/internal/e9 done
Event: 19.748 Executing VM operation: CGC_Operation
Event: 19.755 Executing VM operation: CGC_Operation done
Event: 19.798 Executing VM operation: G1CollectForAllocation


Dynamic libraries:
0x00007ff6b5530000 - 0x00007ff6b553a000 	Z:\Program Files\Android\Android Studio\jre\bin\java.exe
0x00007ffa03230000 - 0x00007ffa033f2000 	Z:\Windows\SYSTEM32\ntdll.dll
0x00007ffa026c0000 - 0x00007ffa0276d000 	Z:\Windows\system32\KERNEL32.DLL
0x00007ff9ffff0000 - 0x00007ffa001cd000 	Z:\Windows\system32\KERNELBASE.dll
0x00007ff9e4230000 - 0x00007ff9e4249000 	Z:\Program Files\Android\Android Studio\jre\bin\jli.dll
0x00007ff9e5f90000 - 0x00007ff9e5fa7000 	Z:\Program Files\Android\Android Studio\jre\bin\VCRUNTIME140.dll
0x00007ff9f90f0000 - 0x00007ff9f91e1000 	Z:\Windows\SYSTEM32\ucrtbase.dll
0x00007ffa02ec0000 - 0x00007ffa0300f000 	Z:\Windows\system32\USER32.dll
0x00007ffa00a10000 - 0x00007ffa00b96000 	Z:\Windows\system32\GDI32.dll
0x00007ff9f4ca0000 - 0x00007ff9f4f15000 	Z:\Windows\WinSxS\amd64_microsoft.windows.common-controls_6595b64144ccf1df_6.0.10240.18818_none_f4252362574bafcd\COMCTL32.dll
0x00007ffa00c50000 - 0x00007ffa00ced000 	Z:\Windows\system32\msvcrt.dll
0x00007ffa02ab0000 - 0x00007ffa02ae6000 	Z:\Windows\system32\IMM32.DLL
0x00007ffa008b0000 - 0x00007ffa00a0c000 	Z:\Windows\system32\MSCTF.dll
0x00007ff9c9340000 - 0x00007ff9c93dd000 	Z:\Program Files\Android\Android Studio\jre\bin\msvcp140.dll
0x00007ff9d8820000 - 0x00007ff9d92ef000 	Z:\Program Files\Android\Android Studio\jre\bin\server\jvm.dll
0x00007ffa02a00000 - 0x00007ffa02aa6000 	Z:\Windows\system32\ADVAPI32.dll
0x00007ffa01070000 - 0x00007ffa010ca000 	Z:\Windows\system32\sechost.dll
0x00007ffa02b50000 - 0x00007ffa02c74000 	Z:\Windows\system32\RPCRT4.dll
0x00007ffa03090000 - 0x00007ffa03098000 	Z:\Windows\system32\PSAPI.DLL
0x00007ff9fd830000 - 0x00007ff9fd853000 	Z:\Windows\SYSTEM32\WINMM.dll
0x00007ff9ff2b0000 - 0x00007ff9ff2b9000 	Z:\Windows\SYSTEM32\WSOCK32.dll
0x00007ff9fdc90000 - 0x00007ff9fdc9a000 	Z:\Windows\SYSTEM32\VERSION.dll
0x00007ffa03190000 - 0x00007ffa031f9000 	Z:\Windows\system32\WS2_32.dll
0x00007ffa02d60000 - 0x00007ffa02d68000 	Z:\Windows\system32\NSI.dll
0x00007ff9fd800000 - 0x00007ff9fd82c000 	Z:\Windows\SYSTEM32\WINMMBASE.dll
0x00007ff9ffee0000 - 0x00007ff9fff24000 	Z:\Windows\system32\cfgmgr32.dll
0x00007ff9ff9c0000 - 0x00007ff9ff9e7000 	Z:\Windows\SYSTEM32\DEVOBJ.dll
0x00007ff9ffc80000 - 0x00007ff9ffc8f000 	Z:\Windows\system32\kernel.appcore.dll
0x00007ff9ec6a0000 - 0x00007ff9ec6b1000 	Z:\Program Files\Android\Android Studio\jre\bin\verify.dll
0x00007ff9f3170000 - 0x00007ff9f32fa000 	Z:\Windows\SYSTEM32\DBGHELP.DLL
0x00007ff9fc340000 - 0x00007ff9fc365000 	Z:\Windows\SYSTEM32\dbgcore.DLL
0x00007ff9eafc0000 - 0x00007ff9eafe9000 	Z:\Program Files\Android\Android Studio\jre\bin\java.dll
0x00007ff9f66a0000 - 0x00007ff9f66ab000 	Z:\Program Files\Android\Android Studio\jre\bin\jimage.dll
0x00007ff9ec5b0000 - 0x00007ff9ec5c8000 	Z:\Program Files\Android\Android Studio\jre\bin\zip.dll
0x00007ffa01190000 - 0x00007ffa026b3000 	Z:\Windows\system32\SHELL32.dll
0x00007ffa001d0000 - 0x00007ffa007f6000 	Z:\Windows\system32\windows.storage.dll
0x00007ffa02780000 - 0x00007ffa029f6000 	Z:\Windows\system32\combase.dll
0x00007ffa02af0000 - 0x00007ffa02b41000 	Z:\Windows\system32\shlwapi.dll
0x00007ff9fff30000 - 0x00007ff9fffe3000 	Z:\Windows\system32\shcore.dll
0x00007ff9ffc30000 - 0x00007ff9ffc7a000 	Z:\Windows\system32\powrprof.dll
0x00007ff9ffc10000 - 0x00007ff9ffc23000 	Z:\Windows\system32\profapi.dll
0x00007ff9eaed0000 - 0x00007ff9eaeea000 	Z:\Program Files\Android\Android Studio\jre\bin\net.dll
0x00007ff9f81f0000 - 0x00007ff9f82c6000 	Z:\Windows\SYSTEM32\WINHTTP.dll
0x00007ff9ff320000 - 0x00007ff9ff37d000 	Z:\Windows\system32\mswsock.dll
0x00007ff9eac50000 - 0x00007ff9eac64000 	Z:\Program Files\Android\Android Studio\jre\bin\nio.dll
0x00007ff9d80d0000 - 0x00007ff9d80f7000 	Z:\Users\Z\.gradle\wrapper\dists\gradle-6.1.1\native\8bec1ad78214c89d9ad589b4d07fe93259594b29d510b10fafb7a158f7737e5d\windows-amd64\native-platform.dll
0x00007ff9c93e0000 - 0x00007ff9c951d000 	Z:\Users\Z\.gradle\wrapper\dists\gradle-6.1.1\native\53dbd7edfb1c66fb8903c78663c9afc45aea4f116125fa6feffd364cf09443e8\windows-amd64\native-platform-file-events.dll
0x00007ff9f4950000 - 0x00007ff9f495a000 	Z:\Program Files\Android\Android Studio\jre\bin\management.dll
0x00007ff9f3eb0000 - 0x00007ff9f3ebc000 	Z:\Program Files\Android\Android Studio\jre\bin\management_ext.dll
0x00007ff9ff380000 - 0x00007ff9ff397000 	Z:\Windows\SYSTEM32\CRYPTSP.dll
0x00007ff9ff990000 - 0x00007ff9ff9b8000 	Z:\Windows\SYSTEM32\bcrypt.dll
0x00007ff9fee40000 - 0x00007ff9fee73000 	Z:\Windows\system32\rsaenh.dll
0x00007ff9fef30000 - 0x00007ff9fef50000 	Z:\Windows\SYSTEM32\USERENV.dll
0x00007ff9ffa40000 - 0x00007ff9ffaaa000 	Z:\Windows\system32\bcryptprimitives.dll
0x00007ff9ff4f0000 - 0x00007ff9ff4fb000 	Z:\Windows\SYSTEM32\CRYPTBASE.dll
0x00007ff9fd030000 - 0x00007ff9fd068000 	Z:\Windows\SYSTEM32\IPHLPAPI.DLL
0x00007ff9fd010000 - 0x00007ff9fd01b000 	Z:\Windows\SYSTEM32\WINNSI.DLL
0x00007ff9fad30000 - 0x00007ff9fad46000 	Z:\Windows\SYSTEM32\dhcpcsvc6.DLL
0x00007ff9fad10000 - 0x00007ff9fad2a000 	Z:\Windows\SYSTEM32\dhcpcsvc.DLL

dbghelp: loaded successfully - version: 4.0.5 - missing functions: none
symbol engine: initialized successfully - sym options: 0x614 - pdb path: .;Z:\Program Files\Android\Android Studio\jre\bin;Z:\Windows\SYSTEM32;Z:\Windows\WinSxS\amd64_microsoft.windows.common-controls_6595b64144ccf1df_6.0.10240.18818_none_f4252362574bafcd;Z:\Program Files\Android\Android Studio\jre\bin\server;Z:\Users\Z\.gradle\wrapper\dists\gradle-6.1.1\native\8bec1ad78214c89d9ad589b4d07fe93259594b29d510b10fafb7a158f7737e5d\windows-amd64;Z:\Users\Z\.gradle\wrapper\dists\gradle-6.1.1\native\53dbd7edfb1c66fb8903c78663c9afc45aea4f116125fa6feffd364cf09443e8\windows-amd64

VM Arguments:
jvm_args: --add-opens=java.base/java.util=ALL-UNNAMED --add-opens=java.base/java.lang=ALL-UNNAMED --add-opens=java.base/java.lang.invoke=ALL-UNNAMED --add-opens=java.base/java.util=ALL-UNNAMED --add-opens=java.prefs/java.util.prefs=ALL-UNNAMED --add-opens=java.prefs/java.util.prefs=ALL-UNNAMED --add-opens=java.base/java.nio.charset=ALL-UNNAMED --add-opens=java.base/java.net=ALL-UNNAMED --add-opens=java.base/java.util.concurrent.atomic=ALL-UNNAMED -Xmx2048m -Dfile.encoding=UTF-8 -Duser.country=RU -Duser.language=ru -Duser.variant 
java_command: org.gradle.launcher.daemon.bootstrap.GradleDaemon 7.0.2
java_class_path (initial): Z:\Users\Z\.gradle\wrapper\dists\gradle-6.1.1\wrapper\dists\gradle-7.0.2-bin\857tjihv64xamwrf0h14cai3r\gradle-7.0.2\lib\gradle-launcher-7.0.2.jar
Launcher Type: SUN_STANDARD

[Global flags]
     intx CICompilerCount                          = 4                                         {product} {ergonomic}
     uint ConcGCThreads                            = 2                                         {product} {ergonomic}
     uint G1ConcRefinementThreads                  = 8                                         {product} {ergonomic}
   size_t G1HeapRegionSize                         = 1048576                                   {product} {ergonomic}
    uintx GCDrainStackTargetSize                   = 64                                        {product} {ergonomic}
   size_t InitialHeapSize                          = 251658240                                 {product} {ergonomic}
   size_t MarkStackSize                            = 4194304                                   {product} {ergonomic}
   size_t MaxHeapSize                              = 2147483648                                {product} {command line}
   size_t MaxNewSize                               = 1287651328                                {product} {ergonomic}
   size_t MinHeapDeltaBytes                        = 1048576                                   {product} {ergonomic}
    uintx NonNMethodCodeHeapSize                   = 5836300                                {pd product} {ergonomic}
    uintx NonProfiledCodeHeapSize                  = 122910970                              {pd product} {ergonomic}
    uintx ProfiledCodeHeapSize                     = 122910970                              {pd product} {ergonomic}
    uintx ReservedCodeCacheSize                    = 251658240                              {pd product} {ergonomic}
     bool SegmentedCodeCache                       = true                                      {product} {ergonomic}
     bool UseCompressedClassPointers               = true                                 {lp64_product} {ergonomic}
     bool UseCompressedOops                        = true                                 {lp64_product} {ergonomic}
     bool UseG1GC                                  = true                                      {product} {ergonomic}
     bool UseLargePagesIndividualAllocation        = false                                  {pd product} {ergonomic}

Logging:
Log output configuration:
 #0: stdout all=warning uptime,level,tags
 #1: stderr all=off uptime,level,tags

Environment Variables:
PATH=Z:\Program Files (x86)\Common Files\Intel\Shared Files\cpp\bin\Intel64;Z:\Program Files\Common Files\Oracle\Java\javapath;Z:\Program Files (x86)\Intel\iCLS Client\;Z:\Program Files\Intel\iCLS Client\;Z:\Windows\system32;Z:\Windows;Z:\Windows\System32\Wbem;Z:\Windows\System32\WindowsPowerShell\v1.0\;Z:\Program Files\Intel\Intel(R) Management Engine Components\DAL;Z:\Program Files\Intel\Intel(R) Management Engine Components\IPT;Z:\Program Files (x86)\Intel\Intel(R) Management Engine Components\DAL;Z:\Program Files (x86)\Intel\Intel(R) Management Engine Components\IPT;Z:\Program Files (x86)\Common Files\DivX Shared\;Z:\adb
USERNAME=Z
OS=Windows_NT
PROCESSOR_IDENTIFIER=Intel64 Family 6 Model 60 Stepping 3, GenuineIntel



---------------  S Y S T E M  ---------------

OS: Windows 10 , 64 bit Build 10240 (10.0.10240.18545)
OS uptime: 3 days 5:51 hours

CPU:total 8 (initial active 8) (4 cores per cpu, 2 threads per core) family 6 model 60 stepping 3 microcode 0x1e, cmov, cx8, fxsr, mmx, sse, sse2, sse3, ssse3, sse4.1, sse4.2, popcnt, avx, avx2, aes, clmul, erms, lzcnt, ht, tsc, tscinvbit, bmi1, bmi2, fma

Memory: 4k page, system-wide physical 15294M (4801M free)
TotalPageFile size 17598M (AvailPageFile size 4613M)
current process WorkingSet (physical memory assigned to process): 555M, peak: 567M
current process commit charge ("private bytes"): 590M, peak: 602M

vm_info: OpenJDK 64-Bit Server VM (11.0.10+0-b96-7249189) for windows-amd64 JRE (11.0.10+0-b96-7249189), built on Mar 31 2021 21:44:00 by "builder" with MS VC++ 14.0 (VS2015)

END.
